<?xml version="1.0" encoding="UTF-8"?>
<testsuite xmlns:xsi="http://www.w3.org/2001/XMLSchema-instance" xsi:noNamespaceSchemaLocation="https://maven.apache.org/surefire/maven-surefire-plugin/xsd/surefire-test-report.xsd" name="com.romeoautomation.AppTest" time="0.057" tests="1" errors="0" skipped="0" failures="0">
  <properties>
    <property name="java.specification.version" value="15"/>
    <property name="sun.cpu.isalist" value="amd64"/>
    <property name="sun.jnu.encoding" value="Cp1252"/>
    <property name="java.class.path" value="d:\code\CustomGrid\ExtendedGrid\target\test-classes;d:\code\CustomGrid\ExtendedGrid\target\classes;C:\Users\jmber\.m2\repository\com\amazonaws\aws-java-sdk\1.11.909\aws-java-sdk-1.11.909.jar;C:\Users\jmber\.m2\repository\com\amazonaws\aws-java-sdk-mwaa\1.11.909\aws-java-sdk-mwaa-1.11.909.jar;C:\Users\jmber\.m2\repository\com\amazonaws\jmespath-java\1.11.909\jmespath-java-1.11.909.jar;C:\Users\jmber\.m2\repository\com\amazonaws\aws-java-sdk-networkfirewall\1.11.909\aws-java-sdk-networkfirewall-1.11.909.jar;C:\Users\jmber\.m2\repository\com\amazonaws\aws-java-sdk-appregistry\1.11.909\aws-java-sdk-appregistry-1.11.909.jar;C:\Users\jmber\.m2\repository\com\amazonaws\aws-java-sdk-gluedatabrew\1.11.909\aws-java-sdk-gluedatabrew-1.11.909.jar;C:\Users\jmber\.m2\repository\com\amazonaws\aws-java-sdk-s3outposts\1.11.909\aws-java-sdk-s3outposts-1.11.909.jar;C:\Users\jmber\.m2\repository\com\amazonaws\aws-java-sdk-timestreamquery\1.11.909\aws-java-sdk-timestreamquery-1.11.909.jar;C:\Users\jmber\.m2\repository\com\amazonaws\aws-java-sdk-timestreamwrite\1.11.909\aws-java-sdk-timestreamwrite-1.11.909.jar;C:\Users\jmber\.m2\repository\com\amazonaws\aws-java-sdk-ssoadmin\1.11.909\aws-java-sdk-ssoadmin-1.11.909.jar;C:\Users\jmber\.m2\repository\com\amazonaws\aws-java-sdk-redshiftdataapi\1.11.909\aws-java-sdk-redshiftdataapi-1.11.909.jar;C:\Users\jmber\.m2\repository\com\amazonaws\aws-java-sdk-appflow\1.11.909\aws-java-sdk-appflow-1.11.909.jar;C:\Users\jmber\.m2\repository\com\amazonaws\aws-java-sdk-identitystore\1.11.909\aws-java-sdk-identitystore-1.11.909.jar;C:\Users\jmber\.m2\repository\com\amazonaws\aws-java-sdk-braket\1.11.909\aws-java-sdk-braket-1.11.909.jar;C:\Users\jmber\.m2\repository\com\amazonaws\aws-java-sdk-ivs\1.11.909\aws-java-sdk-ivs-1.11.909.jar;C:\Users\jmber\.m2\repository\com\amazonaws\aws-java-sdk-honeycode\1.11.909\aws-java-sdk-honeycode-1.11.909.jar;C:\Users\jmber\.m2\repository\com\amazonaws\aws-java-sdk-codeartifact\1.11.909\aws-java-sdk-codeartifact-1.11.909.jar;C:\Users\jmber\.m2\repository\com\amazonaws\aws-java-sdk-macie2\1.11.909\aws-java-sdk-macie2-1.11.909.jar;C:\Users\jmber\.m2\repository\com\amazonaws\aws-java-sdk-iotsitewise\1.11.909\aws-java-sdk-iotsitewise-1.11.909.jar;C:\Users\jmber\.m2\repository\com\amazonaws\aws-java-sdk-synthetics\1.11.909\aws-java-sdk-synthetics-1.11.909.jar;C:\Users\jmber\.m2\repository\com\amazonaws\aws-java-sdk-codestarconnections\1.11.909\aws-java-sdk-codestarconnections-1.11.909.jar;C:\Users\jmber\.m2\repository\com\amazonaws\aws-java-sdk-detective\1.11.909\aws-java-sdk-detective-1.11.909.jar;C:\Users\jmber\.m2\repository\com\amazonaws\aws-java-sdk-kinesisvideosignalingchannels\1.11.909\aws-java-sdk-kinesisvideosignalingchannels-1.11.909.jar;C:\Users\jmber\.m2\repository\com\amazonaws\aws-java-sdk-ebs\1.11.909\aws-java-sdk-ebs-1.11.909.jar;C:\Users\jmber\.m2\repository\com\amazonaws\aws-java-sdk-augmentedairuntime\1.11.909\aws-java-sdk-augmentedairuntime-1.11.909.jar;C:\Users\jmber\.m2\repository\com\amazonaws\aws-java-sdk-outposts\1.11.909\aws-java-sdk-outposts-1.11.909.jar;C:\Users\jmber\.m2\repository\com\amazonaws\aws-java-sdk-codeguruprofiler\1.11.909\aws-java-sdk-codeguruprofiler-1.11.909.jar;C:\Users\jmber\.m2\repository\com\amazonaws\aws-java-sdk-codegurureviewer\1.11.909\aws-java-sdk-codegurureviewer-1.11.909.jar;C:\Users\jmber\.m2\repository\com\amazonaws\aws-java-sdk-frauddetector\1.11.909\aws-java-sdk-frauddetector-1.11.909.jar;C:\Users\jmber\.m2\repository\com\amazonaws\aws-java-sdk-kendra\1.11.909\aws-java-sdk-kendra-1.11.909.jar;C:\Users\jmber\.m2\repository\com\amazonaws\aws-java-sdk-networkmanager\1.11.909\aws-java-sdk-networkmanager-1.11.909.jar;C:\Users\jmber\.m2\repository\com\amazonaws\aws-java-sdk-computeoptimizer\1.11.909\aws-java-sdk-computeoptimizer-1.11.909.jar;C:\Users\jmber\.m2\repository\com\amazonaws\aws-java-sdk-accessanalyzer\1.11.909\aws-java-sdk-accessanalyzer-1.11.909.jar;C:\Users\jmber\.m2\repository\com\amazonaws\aws-java-sdk-schemas\1.11.909\aws-java-sdk-schemas-1.11.909.jar;C:\Users\jmber\.m2\repository\com\amazonaws\aws-java-sdk-imagebuilder\1.11.909\aws-java-sdk-imagebuilder-1.11.909.jar;C:\Users\jmber\.m2\repository\com\amazonaws\aws-java-sdk-elasticinference\1.11.909\aws-java-sdk-elasticinference-1.11.909.jar;C:\Users\jmber\.m2\repository\com\amazonaws\aws-java-sdk-iotsecuretunneling\1.11.909\aws-java-sdk-iotsecuretunneling-1.11.909.jar;C:\Users\jmber\.m2\repository\com\amazonaws\aws-java-sdk-appconfig\1.11.909\aws-java-sdk-appconfig-1.11.909.jar;C:\Users\jmber\.m2\repository\com\amazonaws\aws-java-sdk-wafv2\1.11.909\aws-java-sdk-wafv2-1.11.909.jar;C:\Users\jmber\.m2\repository\com\amazonaws\aws-java-sdk-connectparticipant\1.11.909\aws-java-sdk-connectparticipant-1.11.909.jar;C:\Users\jmber\.m2\repository\com\amazonaws\aws-java-sdk-migrationhubconfig\1.11.909\aws-java-sdk-migrationhubconfig-1.11.909.jar;C:\Users\jmber\.m2\repository\com\amazonaws\aws-java-sdk-dataexchange\1.11.909\aws-java-sdk-dataexchange-1.11.909.jar;C:\Users\jmber\.m2\repository\com\amazonaws\aws-java-sdk-sesv2\1.11.909\aws-java-sdk-sesv2-1.11.909.jar;C:\Users\jmber\.m2\repository\com\amazonaws\aws-java-sdk-marketplacecatalog\1.11.909\aws-java-sdk-marketplacecatalog-1.11.909.jar;C:\Users\jmber\.m2\repository\com\amazonaws\aws-java-sdk-ssooidc\1.11.909\aws-java-sdk-ssooidc-1.11.909.jar;C:\Users\jmber\.m2\repository\com\amazonaws\aws-java-sdk-sso\1.11.909\aws-java-sdk-sso-1.11.909.jar;C:\Users\jmber\.m2\repository\com\amazonaws\aws-java-sdk-savingsplans\1.11.909\aws-java-sdk-savingsplans-1.11.909.jar;C:\Users\jmber\.m2\repository\com\amazonaws\aws-java-sdk-codestarnotifications\1.11.909\aws-java-sdk-codestarnotifications-1.11.909.jar;C:\Users\jmber\.m2\repository\com\amazonaws\aws-java-sdk-workmailmessageflow\1.11.909\aws-java-sdk-workmailmessageflow-1.11.909.jar;C:\Users\jmber\.m2\repository\com\amazonaws\aws-java-sdk-qldbsession\1.11.909\aws-java-sdk-qldbsession-1.11.909.jar;C:\Users\jmber\.m2\repository\com\amazonaws\aws-java-sdk-qldb\1.11.909\aws-java-sdk-qldb-1.11.909.jar;C:\Users\jmber\.m2\repository\com\amazonaws\aws-java-sdk-forecastquery\1.11.909\aws-java-sdk-forecastquery-1.11.909.jar;C:\Users\jmber\.m2\repository\com\amazonaws\aws-java-sdk-forecast\1.11.909\aws-java-sdk-forecast-1.11.909.jar;C:\Users\jmber\.m2\repository\com\amazonaws\aws-java-sdk-lakeformation\1.11.909\aws-java-sdk-lakeformation-1.11.909.jar;C:\Users\jmber\.m2\repository\com\amazonaws\aws-java-sdk-eventbridge\1.11.909\aws-java-sdk-eventbridge-1.11.909.jar;C:\Users\jmber\.m2\repository\com\amazonaws\aws-java-sdk-ec2instanceconnect\1.11.909\aws-java-sdk-ec2instanceconnect-1.11.909.jar;C:\Users\jmber\.m2\repository\com\amazonaws\aws-java-sdk-applicationinsights\1.11.909\aws-java-sdk-applicationinsights-1.11.909.jar;C:\Users\jmber\.m2\repository\com\amazonaws\aws-java-sdk-servicequotas\1.11.909\aws-java-sdk-servicequotas-1.11.909.jar;C:\Users\jmber\.m2\repository\com\amazonaws\aws-java-sdk-personalizeevents\1.11.909\aws-java-sdk-personalizeevents-1.11.909.jar;C:\Users\jmber\.m2\repository\com\amazonaws\aws-java-sdk-personalize\1.11.909\aws-java-sdk-personalize-1.11.909.jar;C:\Users\jmber\.m2\repository\com\amazonaws\aws-java-sdk-personalizeruntime\1.11.909\aws-java-sdk-personalizeruntime-1.11.909.jar;C:\Users\jmber\.m2\repository\com\amazonaws\aws-java-sdk-ioteventsdata\1.11.909\aws-java-sdk-ioteventsdata-1.11.909.jar;C:\Users\jmber\.m2\repository\com\amazonaws\aws-java-sdk-iotevents\1.11.909\aws-java-sdk-iotevents-1.11.909.jar;C:\Users\jmber\.m2\repository\com\amazonaws\aws-java-sdk-iotthingsgraph\1.11.909\aws-java-sdk-iotthingsgraph-1.11.909.jar;C:\Users\jmber\.m2\repository\com\amazonaws\aws-java-sdk-groundstation\1.11.909\aws-java-sdk-groundstation-1.11.909.jar;C:\Users\jmber\.m2\repository\com\amazonaws\aws-java-sdk-mediapackagevod\1.11.909\aws-java-sdk-mediapackagevod-1.11.909.jar;C:\Users\jmber\.m2\repository\com\amazonaws\aws-java-sdk-managedblockchain\1.11.909\aws-java-sdk-managedblockchain-1.11.909.jar;C:\Users\jmber\.m2\repository\com\amazonaws\aws-java-sdk-textract\1.11.909\aws-java-sdk-textract-1.11.909.jar;C:\Users\jmber\.m2\repository\com\amazonaws\aws-java-sdk-worklink\1.11.909\aws-java-sdk-worklink-1.11.909.jar;C:\Users\jmber\.m2\repository\com\amazonaws\aws-java-sdk-backup\1.11.909\aws-java-sdk-backup-1.11.909.jar;C:\Users\jmber\.m2\repository\com\amazonaws\aws-java-sdk-docdb\1.11.909\aws-java-sdk-docdb-1.11.909.jar;C:\Users\jmber\.m2\repository\com\amazonaws\aws-java-sdk-apigatewayv2\1.11.909\aws-java-sdk-apigatewayv2-1.11.909.jar;C:\Users\jmber\.m2\repository\com\amazonaws\aws-java-sdk-apigatewaymanagementapi\1.11.909\aws-java-sdk-apigatewaymanagementapi-1.11.909.jar;C:\Users\jmber\.m2\repository\com\amazonaws\aws-java-sdk-kafka\1.11.909\aws-java-sdk-kafka-1.11.909.jar;C:\Users\jmber\.m2\repository\com\amazonaws\aws-java-sdk-appmesh\1.11.909\aws-java-sdk-appmesh-1.11.909.jar;C:\Users\jmber\.m2\repository\com\amazonaws\aws-java-sdk-licensemanager\1.11.909\aws-java-sdk-licensemanager-1.11.909.jar;C:\Users\jmber\.m2\repository\com\amazonaws\aws-java-sdk-securityhub\1.11.909\aws-java-sdk-securityhub-1.11.909.jar;C:\Users\jmber\.m2\repository\com\amazonaws\aws-java-sdk-fsx\1.11.909\aws-java-sdk-fsx-1.11.909.jar;C:\Users\jmber\.m2\repository\com\amazonaws\aws-java-sdk-mediaconnect\1.11.909\aws-java-sdk-mediaconnect-1.11.909.jar;C:\Users\jmber\.m2\repository\com\amazonaws\aws-java-sdk-kinesisanalyticsv2\1.11.909\aws-java-sdk-kinesisanalyticsv2-1.11.909.jar;C:\Users\jmber\.m2\repository\com\amazonaws\aws-java-sdk-comprehendmedical\1.11.909\aws-java-sdk-comprehendmedical-1.11.909.jar;C:\Users\jmber\.m2\repository\com\amazonaws\aws-java-sdk-globalaccelerator\1.11.909\aws-java-sdk-globalaccelerator-1.11.909.jar;C:\Users\jmber\.m2\repository\com\amazonaws\aws-java-sdk-transfer\1.11.909\aws-java-sdk-transfer-1.11.909.jar;C:\Users\jmber\.m2\repository\com\amazonaws\aws-java-sdk-datasync\1.11.909\aws-java-sdk-datasync-1.11.909.jar;C:\Users\jmber\.m2\repository\com\amazonaws\aws-java-sdk-robomaker\1.11.909\aws-java-sdk-robomaker-1.11.909.jar;C:\Users\jmber\.m2\repository\com\amazonaws\aws-java-sdk-amplify\1.11.909\aws-java-sdk-amplify-1.11.909.jar;C:\Users\jmber\.m2\repository\com\amazonaws\aws-java-sdk-quicksight\1.11.909\aws-java-sdk-quicksight-1.11.909.jar;C:\Users\jmber\.m2\repository\com\amazonaws\aws-java-sdk-rdsdata\1.11.909\aws-java-sdk-rdsdata-1.11.909.jar;C:\Users\jmber\.m2\repository\com\amazonaws\aws-java-sdk-route53resolver\1.11.909\aws-java-sdk-route53resolver-1.11.909.jar;C:\Users\jmber\.m2\repository\com\amazonaws\aws-java-sdk-ram\1.11.909\aws-java-sdk-ram-1.11.909.jar;C:\Users\jmber\.m2\repository\com\amazonaws\aws-java-sdk-s3control\1.11.909\aws-java-sdk-s3control-1.11.909.jar;C:\Users\jmber\.m2\repository\com\amazonaws\aws-java-sdk-pinpointsmsvoice\1.11.909\aws-java-sdk-pinpointsmsvoice-1.11.909.jar;C:\Users\jmber\.m2\repository\com\amazonaws\aws-java-sdk-pinpointemail\1.11.909\aws-java-sdk-pinpointemail-1.11.909.jar;C:\Users\jmber\.m2\repository\com\amazonaws\aws-java-sdk-chime\1.11.909\aws-java-sdk-chime-1.11.909.jar;C:\Users\jmber\.m2\repository\com\amazonaws\aws-java-sdk-signer\1.11.909\aws-java-sdk-signer-1.11.909.jar;C:\Users\jmber\.m2\repository\com\amazonaws\aws-java-sdk-dlm\1.11.909\aws-java-sdk-dlm-1.11.909.jar;C:\Users\jmber\.m2\repository\com\amazonaws\aws-java-sdk-macie\1.11.909\aws-java-sdk-macie-1.11.909.jar;C:\Users\jmber\.m2\repository\com\amazonaws\aws-java-sdk-eks\1.11.909\aws-java-sdk-eks-1.11.909.jar;C:\Users\jmber\.m2\repository\com\amazonaws\aws-java-sdk-mediatailor\1.11.909\aws-java-sdk-mediatailor-1.11.909.jar;C:\Users\jmber\.m2\repository\com\amazonaws\aws-java-sdk-neptune\1.11.909\aws-java-sdk-neptune-1.11.909.jar;C:\Users\jmber\.m2\repository\com\amazonaws\aws-java-sdk-pi\1.11.909\aws-java-sdk-pi-1.11.909.jar;C:\Users\jmber\.m2\repository\com\amazonaws\aws-java-sdk-iot1clickprojects\1.11.909\aws-java-sdk-iot1clickprojects-1.11.909.jar;C:\Users\jmber\.m2\repository\com\amazonaws\aws-java-sdk-iot1clickdevices\1.11.909\aws-java-sdk-iot1clickdevices-1.11.909.jar;C:\Users\jmber\.m2\repository\com\amazonaws\aws-java-sdk-iotanalytics\1.11.909\aws-java-sdk-iotanalytics-1.11.909.jar;C:\Users\jmber\.m2\repository\com\amazonaws\aws-java-sdk-acmpca\1.11.909\aws-java-sdk-acmpca-1.11.909.jar;C:\Users\jmber\.m2\repository\com\amazonaws\aws-java-sdk-secretsmanager\1.11.909\aws-java-sdk-secretsmanager-1.11.909.jar;C:\Users\jmber\.m2\repository\com\amazonaws\aws-java-sdk-fms\1.11.909\aws-java-sdk-fms-1.11.909.jar;C:\Users\jmber\.m2\repository\com\amazonaws\aws-java-sdk-connect\1.11.909\aws-java-sdk-connect-1.11.909.jar;C:\Users\jmber\.m2\repository\com\amazonaws\aws-java-sdk-transcribe\1.11.909\aws-java-sdk-transcribe-1.11.909.jar;C:\Users\jmber\.m2\repository\com\amazonaws\aws-java-sdk-autoscalingplans\1.11.909\aws-java-sdk-autoscalingplans-1.11.909.jar;C:\Users\jmber\.m2\repository\com\amazonaws\aws-java-sdk-workmail\1.11.909\aws-java-sdk-workmail-1.11.909.jar;C:\Users\jmber\.m2\repository\com\amazonaws\aws-java-sdk-servicediscovery\1.11.909\aws-java-sdk-servicediscovery-1.11.909.jar;C:\Users\jmber\.m2\repository\com\amazonaws\aws-java-sdk-cloud9\1.11.909\aws-java-sdk-cloud9-1.11.909.jar;C:\Users\jmber\.m2\repository\com\amazonaws\aws-java-sdk-serverlessapplicationrepository\1.11.909\aws-java-sdk-serverlessapplicationrepository-1.11.909.jar;C:\Users\jmber\.m2\repository\com\amazonaws\aws-java-sdk-alexaforbusiness\1.11.909\aws-java-sdk-alexaforbusiness-1.11.909.jar;C:\Users\jmber\.m2\repository\com\amazonaws\aws-java-sdk-resourcegroups\1.11.909\aws-java-sdk-resourcegroups-1.11.909.jar;C:\Users\jmber\.m2\repository\com\amazonaws\aws-java-sdk-comprehend\1.11.909\aws-java-sdk-comprehend-1.11.909.jar;C:\Users\jmber\.m2\repository\com\amazonaws\aws-java-sdk-translate\1.11.909\aws-java-sdk-translate-1.11.909.jar;C:\Users\jmber\.m2\repository\com\amazonaws\aws-java-sdk-sagemaker\1.11.909\aws-java-sdk-sagemaker-1.11.909.jar;C:\Users\jmber\.m2\repository\com\amazonaws\aws-java-sdk-iotjobsdataplane\1.11.909\aws-java-sdk-iotjobsdataplane-1.11.909.jar;C:\Users\jmber\.m2\repository\com\amazonaws\aws-java-sdk-sagemakerruntime\1.11.909\aws-java-sdk-sagemakerruntime-1.11.909.jar;C:\Users\jmber\.m2\repository\com\amazonaws\aws-java-sdk-kinesisvideo\1.11.909\aws-java-sdk-kinesisvideo-1.11.909.jar;C:\Users\jmber\.m2\repository\io\netty\netty-codec-http\4.1.48.Final\netty-codec-http-4.1.48.Final.jar;C:\Users\jmber\.m2\repository\io\netty\netty-common\4.1.48.Final\netty-common-4.1.48.Final.jar;C:\Users\jmber\.m2\repository\io\netty\netty-buffer\4.1.48.Final\netty-buffer-4.1.48.Final.jar;C:\Users\jmber\.m2\repository\io\netty\netty-transport\4.1.48.Final\netty-transport-4.1.48.Final.jar;C:\Users\jmber\.m2\repository\io\netty\netty-codec\4.1.48.Final\netty-codec-4.1.48.Final.jar;C:\Users\jmber\.m2\repository\io\netty\netty-handler\4.1.48.Final\netty-handler-4.1.48.Final.jar;C:\Users\jmber\.m2\repository\io\netty\netty-resolver\4.1.48.Final\netty-resolver-4.1.48.Final.jar;C:\Users\jmber\.m2\repository\com\amazonaws\aws-java-sdk-appsync\1.11.909\aws-java-sdk-appsync-1.11.909.jar;C:\Users\jmber\.m2\repository\com\amazonaws\aws-java-sdk-guardduty\1.11.909\aws-java-sdk-guardduty-1.11.909.jar;C:\Users\jmber\.m2\repository\com\amazonaws\aws-java-sdk-mq\1.11.909\aws-java-sdk-mq-1.11.909.jar;C:\Users\jmber\.m2\repository\com\amazonaws\aws-java-sdk-mediaconvert\1.11.909\aws-java-sdk-mediaconvert-1.11.909.jar;C:\Users\jmber\.m2\repository\com\amazonaws\aws-java-sdk-mediastore\1.11.909\aws-java-sdk-mediastore-1.11.909.jar;C:\Users\jmber\.m2\repository\com\amazonaws\aws-java-sdk-mediastoredata\1.11.909\aws-java-sdk-mediastoredata-1.11.909.jar;C:\Users\jmber\.m2\repository\com\amazonaws\aws-java-sdk-medialive\1.11.909\aws-java-sdk-medialive-1.11.909.jar;C:\Users\jmber\.m2\repository\com\amazonaws\aws-java-sdk-mediapackage\1.11.909\aws-java-sdk-mediapackage-1.11.909.jar;C:\Users\jmber\.m2\repository\com\amazonaws\aws-java-sdk-costexplorer\1.11.909\aws-java-sdk-costexplorer-1.11.909.jar;C:\Users\jmber\.m2\repository\com\amazonaws\aws-java-sdk-pricing\1.11.909\aws-java-sdk-pricing-1.11.909.jar;C:\Users\jmber\.m2\repository\com\amazonaws\aws-java-sdk-mobile\1.11.909\aws-java-sdk-mobile-1.11.909.jar;C:\Users\jmber\.m2\repository\com\amazonaws\aws-java-sdk-cloudhsmv2\1.11.909\aws-java-sdk-cloudhsmv2-1.11.909.jar;C:\Users\jmber\.m2\repository\com\amazonaws\aws-java-sdk-glue\1.11.909\aws-java-sdk-glue-1.11.909.jar;C:\Users\jmber\.m2\repository\com\amazonaws\aws-java-sdk-migrationhub\1.11.909\aws-java-sdk-migrationhub-1.11.909.jar;C:\Users\jmber\.m2\repository\com\amazonaws\aws-java-sdk-dax\1.11.909\aws-java-sdk-dax-1.11.909.jar;C:\Users\jmber\.m2\repository\com\amazonaws\aws-java-sdk-greengrass\1.11.909\aws-java-sdk-greengrass-1.11.909.jar;C:\Users\jmber\.m2\repository\com\amazonaws\aws-java-sdk-athena\1.11.909\aws-java-sdk-athena-1.11.909.jar;C:\Users\jmber\.m2\repository\com\amazonaws\aws-java-sdk-marketplaceentitlement\1.11.909\aws-java-sdk-marketplaceentitlement-1.11.909.jar;C:\Users\jmber\.m2\repository\com\amazonaws\aws-java-sdk-codestar\1.11.909\aws-java-sdk-codestar-1.11.909.jar;C:\Users\jmber\.m2\repository\com\amazonaws\aws-java-sdk-lexmodelbuilding\1.11.909\aws-java-sdk-lexmodelbuilding-1.11.909.jar;C:\Users\jmber\.m2\repository\com\amazonaws\aws-java-sdk-resourcegroupstaggingapi\1.11.909\aws-java-sdk-resourcegroupstaggingapi-1.11.909.jar;C:\Users\jmber\.m2\repository\com\amazonaws\aws-java-sdk-pinpoint\1.11.909\aws-java-sdk-pinpoint-1.11.909.jar;C:\Users\jmber\.m2\repository\com\amazonaws\aws-java-sdk-xray\1.11.909\aws-java-sdk-xray-1.11.909.jar;C:\Users\jmber\.m2\repository\com\amazonaws\aws-java-sdk-opsworkscm\1.11.909\aws-java-sdk-opsworkscm-1.11.909.jar;C:\Users\jmber\.m2\repository\com\amazonaws\aws-java-sdk-support\1.11.909\aws-java-sdk-support-1.11.909.jar;C:\Users\jmber\.m2\repository\com\amazonaws\aws-java-sdk-simpledb\1.11.909\aws-java-sdk-simpledb-1.11.909.jar;C:\Users\jmber\.m2\repository\com\amazonaws\aws-java-sdk-servicecatalog\1.11.909\aws-java-sdk-servicecatalog-1.11.909.jar;C:\Users\jmber\.m2\repository\com\amazonaws\aws-java-sdk-servermigration\1.11.909\aws-java-sdk-servermigration-1.11.909.jar;C:\Users\jmber\.m2\repository\com\amazonaws\aws-java-sdk-simpleworkflow\1.11.909\aws-java-sdk-simpleworkflow-1.11.909.jar;C:\Users\jmber\.m2\repository\com\amazonaws\aws-java-sdk-storagegateway\1.11.909\aws-java-sdk-storagegateway-1.11.909.jar;C:\Users\jmber\.m2\repository\com\amazonaws\aws-java-sdk-route53\1.11.909\aws-java-sdk-route53-1.11.909.jar;C:\Users\jmber\.m2\repository\com\amazonaws\aws-java-sdk-s3\1.11.909\aws-java-sdk-s3-1.11.909.jar;C:\Users\jmber\.m2\repository\com\amazonaws\aws-java-sdk-importexport\1.11.909\aws-java-sdk-importexport-1.11.909.jar;C:\Users\jmber\.m2\repository\com\amazonaws\aws-java-sdk-sts\1.11.909\aws-java-sdk-sts-1.11.909.jar;C:\Users\jmber\.m2\repository\com\amazonaws\aws-java-sdk-sqs\1.11.909\aws-java-sdk-sqs-1.11.909.jar;C:\Users\jmber\.m2\repository\com\amazonaws\aws-java-sdk-rds\1.11.909\aws-java-sdk-rds-1.11.909.jar;C:\Users\jmber\.m2\repository\com\amazonaws\aws-java-sdk-redshift\1.11.909\aws-java-sdk-redshift-1.11.909.jar;C:\Users\jmber\.m2\repository\com\amazonaws\aws-java-sdk-elasticbeanstalk\1.11.909\aws-java-sdk-elasticbeanstalk-1.11.909.jar;C:\Users\jmber\.m2\repository\com\amazonaws\aws-java-sdk-glacier\1.11.909\aws-java-sdk-glacier-1.11.909.jar;C:\Users\jmber\.m2\repository\com\amazonaws\aws-java-sdk-iam\1.11.909\aws-java-sdk-iam-1.11.909.jar;C:\Users\jmber\.m2\repository\com\amazonaws\aws-java-sdk-datapipeline\1.11.909\aws-java-sdk-datapipeline-1.11.909.jar;C:\Users\jmber\.m2\repository\com\amazonaws\aws-java-sdk-elasticloadbalancing\1.11.909\aws-java-sdk-elasticloadbalancing-1.11.909.jar;C:\Users\jmber\.m2\repository\com\amazonaws\aws-java-sdk-elasticloadbalancingv2\1.11.909\aws-java-sdk-elasticloadbalancingv2-1.11.909.jar;C:\Users\jmber\.m2\repository\com\amazonaws\aws-java-sdk-emr\1.11.909\aws-java-sdk-emr-1.11.909.jar;C:\Users\jmber\.m2\repository\com\amazonaws\aws-java-sdk-elasticache\1.11.909\aws-java-sdk-elasticache-1.11.909.jar;C:\Users\jmber\.m2\repository\com\amazonaws\aws-java-sdk-elastictranscoder\1.11.909\aws-java-sdk-elastictranscoder-1.11.909.jar;C:\Users\jmber\.m2\repository\com\amazonaws\aws-java-sdk-ec2\1.11.909\aws-java-sdk-ec2-1.11.909.jar;C:\Users\jmber\.m2\repository\com\amazonaws\aws-java-sdk-dynamodb\1.11.909\aws-java-sdk-dynamodb-1.11.909.jar;C:\Users\jmber\.m2\repository\com\amazonaws\aws-java-sdk-sns\1.11.909\aws-java-sdk-sns-1.11.909.jar;C:\Users\jmber\.m2\repository\com\amazonaws\aws-java-sdk-budgets\1.11.909\aws-java-sdk-budgets-1.11.909.jar;C:\Users\jmber\.m2\repository\com\amazonaws\aws-java-sdk-cloudtrail\1.11.909\aws-java-sdk-cloudtrail-1.11.909.jar;C:\Users\jmber\.m2\repository\com\amazonaws\aws-java-sdk-cloudwatch\1.11.909\aws-java-sdk-cloudwatch-1.11.909.jar;C:\Users\jmber\.m2\repository\com\amazonaws\aws-java-sdk-logs\1.11.909\aws-java-sdk-logs-1.11.909.jar;C:\Users\jmber\.m2\repository\com\amazonaws\aws-java-sdk-events\1.11.909\aws-java-sdk-events-1.11.909.jar;C:\Users\jmber\.m2\repository\com\amazonaws\aws-java-sdk-cognitoidentity\1.11.909\aws-java-sdk-cognitoidentity-1.11.909.jar;C:\Users\jmber\.m2\repository\com\amazonaws\aws-java-sdk-cognitosync\1.11.909\aws-java-sdk-cognitosync-1.11.909.jar;C:\Users\jmber\.m2\repository\com\amazonaws\aws-java-sdk-directconnect\1.11.909\aws-java-sdk-directconnect-1.11.909.jar;C:\Users\jmber\.m2\repository\com\amazonaws\aws-java-sdk-cloudformation\1.11.909\aws-java-sdk-cloudformation-1.11.909.jar;C:\Users\jmber\.m2\repository\com\amazonaws\aws-java-sdk-cloudfront\1.11.909\aws-java-sdk-cloudfront-1.11.909.jar;C:\Users\jmber\.m2\repository\com\amazonaws\aws-java-sdk-clouddirectory\1.11.909\aws-java-sdk-clouddirectory-1.11.909.jar;C:\Users\jmber\.m2\repository\com\amazonaws\aws-java-sdk-kinesis\1.11.909\aws-java-sdk-kinesis-1.11.909.jar;C:\Users\jmber\.m2\repository\com\amazonaws\aws-java-sdk-opsworks\1.11.909\aws-java-sdk-opsworks-1.11.909.jar;C:\Users\jmber\.m2\repository\com\amazonaws\aws-java-sdk-ses\1.11.909\aws-java-sdk-ses-1.11.909.jar;C:\Users\jmber\.m2\repository\com\amazonaws\aws-java-sdk-autoscaling\1.11.909\aws-java-sdk-autoscaling-1.11.909.jar;C:\Users\jmber\.m2\repository\com\amazonaws\aws-java-sdk-cloudsearch\1.11.909\aws-java-sdk-cloudsearch-1.11.909.jar;C:\Users\jmber\.m2\repository\com\amazonaws\aws-java-sdk-cloudwatchmetrics\1.11.909\aws-java-sdk-cloudwatchmetrics-1.11.909.jar;C:\Users\jmber\.m2\repository\com\amazonaws\aws-java-sdk-codedeploy\1.11.909\aws-java-sdk-codedeploy-1.11.909.jar;C:\Users\jmber\.m2\repository\com\amazonaws\aws-java-sdk-codepipeline\1.11.909\aws-java-sdk-codepipeline-1.11.909.jar;C:\Users\jmber\.m2\repository\com\amazonaws\aws-java-sdk-kms\1.11.909\aws-java-sdk-kms-1.11.909.jar;C:\Users\jmber\.m2\repository\com\amazonaws\aws-java-sdk-config\1.11.909\aws-java-sdk-config-1.11.909.jar;C:\Users\jmber\.m2\repository\com\amazonaws\aws-java-sdk-lambda\1.11.909\aws-java-sdk-lambda-1.11.909.jar;C:\Users\jmber\.m2\repository\com\amazonaws\aws-java-sdk-ecs\1.11.909\aws-java-sdk-ecs-1.11.909.jar;C:\Users\jmber\.m2\repository\com\amazonaws\aws-java-sdk-ecr\1.11.909\aws-java-sdk-ecr-1.11.909.jar;C:\Users\jmber\.m2\repository\com\amazonaws\aws-java-sdk-cloudhsm\1.11.909\aws-java-sdk-cloudhsm-1.11.909.jar;C:\Users\jmber\.m2\repository\com\amazonaws\aws-java-sdk-ssm\1.11.909\aws-java-sdk-ssm-1.11.909.jar;C:\Users\jmber\.m2\repository\com\amazonaws\aws-java-sdk-workspaces\1.11.909\aws-java-sdk-workspaces-1.11.909.jar;C:\Users\jmber\.m2\repository\com\amazonaws\aws-java-sdk-machinelearning\1.11.909\aws-java-sdk-machinelearning-1.11.909.jar;C:\Users\jmber\.m2\repository\com\amazonaws\aws-java-sdk-directory\1.11.909\aws-java-sdk-directory-1.11.909.jar;C:\Users\jmber\.m2\repository\com\amazonaws\aws-java-sdk-efs\1.11.909\aws-java-sdk-efs-1.11.909.jar;C:\Users\jmber\.m2\repository\com\amazonaws\aws-java-sdk-codecommit\1.11.909\aws-java-sdk-codecommit-1.11.909.jar;C:\Users\jmber\.m2\repository\com\amazonaws\aws-java-sdk-devicefarm\1.11.909\aws-java-sdk-devicefarm-1.11.909.jar;C:\Users\jmber\.m2\repository\com\amazonaws\aws-java-sdk-elasticsearch\1.11.909\aws-java-sdk-elasticsearch-1.11.909.jar;C:\Users\jmber\.m2\repository\com\amazonaws\aws-java-sdk-waf\1.11.909\aws-java-sdk-waf-1.11.909.jar;C:\Users\jmber\.m2\repository\com\amazonaws\aws-java-sdk-marketplacecommerceanalytics\1.11.909\aws-java-sdk-marketplacecommerceanalytics-1.11.909.jar;C:\Users\jmber\.m2\repository\com\amazonaws\aws-java-sdk-inspector\1.11.909\aws-java-sdk-inspector-1.11.909.jar;C:\Users\jmber\.m2\repository\com\amazonaws\aws-java-sdk-iot\1.11.909\aws-java-sdk-iot-1.11.909.jar;C:\Users\jmber\.m2\repository\com\amazonaws\aws-java-sdk-api-gateway\1.11.909\aws-java-sdk-api-gateway-1.11.909.jar;C:\Users\jmber\.m2\repository\com\amazonaws\aws-java-sdk-acm\1.11.909\aws-java-sdk-acm-1.11.909.jar;C:\Users\jmber\.m2\repository\com\amazonaws\aws-java-sdk-gamelift\1.11.909\aws-java-sdk-gamelift-1.11.909.jar;C:\Users\jmber\.m2\repository\com\amazonaws\aws-java-sdk-dms\1.11.909\aws-java-sdk-dms-1.11.909.jar;C:\Users\jmber\.m2\repository\com\amazonaws\aws-java-sdk-marketplacemeteringservice\1.11.909\aws-java-sdk-marketplacemeteringservice-1.11.909.jar;C:\Users\jmber\.m2\repository\com\amazonaws\aws-java-sdk-cognitoidp\1.11.909\aws-java-sdk-cognitoidp-1.11.909.jar;C:\Users\jmber\.m2\repository\com\amazonaws\aws-java-sdk-discovery\1.11.909\aws-java-sdk-discovery-1.11.909.jar;C:\Users\jmber\.m2\repository\com\amazonaws\aws-java-sdk-applicationautoscaling\1.11.909\aws-java-sdk-applicationautoscaling-1.11.909.jar;C:\Users\jmber\.m2\repository\com\amazonaws\aws-java-sdk-snowball\1.11.909\aws-java-sdk-snowball-1.11.909.jar;C:\Users\jmber\.m2\repository\com\amazonaws\aws-java-sdk-rekognition\1.11.909\aws-java-sdk-rekognition-1.11.909.jar;C:\Users\jmber\.m2\repository\com\amazonaws\aws-java-sdk-polly\1.11.909\aws-java-sdk-polly-1.11.909.jar;C:\Users\jmber\.m2\repository\com\amazonaws\aws-java-sdk-lightsail\1.11.909\aws-java-sdk-lightsail-1.11.909.jar;C:\Users\jmber\.m2\repository\com\amazonaws\aws-java-sdk-stepfunctions\1.11.909\aws-java-sdk-stepfunctions-1.11.909.jar;C:\Users\jmber\.m2\repository\com\amazonaws\aws-java-sdk-health\1.11.909\aws-java-sdk-health-1.11.909.jar;C:\Users\jmber\.m2\repository\com\amazonaws\aws-java-sdk-costandusagereport\1.11.909\aws-java-sdk-costandusagereport-1.11.909.jar;C:\Users\jmber\.m2\repository\com\amazonaws\aws-java-sdk-codebuild\1.11.909\aws-java-sdk-codebuild-1.11.909.jar;C:\Users\jmber\.m2\repository\com\amazonaws\aws-java-sdk-appstream\1.11.909\aws-java-sdk-appstream-1.11.909.jar;C:\Users\jmber\.m2\repository\com\amazonaws\aws-java-sdk-shield\1.11.909\aws-java-sdk-shield-1.11.909.jar;C:\Users\jmber\.m2\repository\com\amazonaws\aws-java-sdk-batch\1.11.909\aws-java-sdk-batch-1.11.909.jar;C:\Users\jmber\.m2\repository\com\amazonaws\aws-java-sdk-lex\1.11.909\aws-java-sdk-lex-1.11.909.jar;C:\Users\jmber\.m2\repository\com\amazonaws\aws-java-sdk-mechanicalturkrequester\1.11.909\aws-java-sdk-mechanicalturkrequester-1.11.909.jar;C:\Users\jmber\.m2\repository\com\amazonaws\aws-java-sdk-organizations\1.11.909\aws-java-sdk-organizations-1.11.909.jar;C:\Users\jmber\.m2\repository\com\amazonaws\aws-java-sdk-workdocs\1.11.909\aws-java-sdk-workdocs-1.11.909.jar;C:\Users\jmber\.m2\repository\com\amazonaws\aws-java-sdk-core\1.11.909\aws-java-sdk-core-1.11.909.jar;C:\Users\jmber\.m2\repository\software\amazon\ion\ion-java\1.0.2\ion-java-1.0.2.jar;C:\Users\jmber\.m2\repository\com\fasterxml\jackson\core\jackson-databind\2.6.7.4\jackson-databind-2.6.7.4.jar;C:\Users\jmber\.m2\repository\com\fasterxml\jackson\core\jackson-annotations\2.6.0\jackson-annotations-2.6.0.jar;C:\Users\jmber\.m2\repository\com\fasterxml\jackson\core\jackson-core\2.6.7\jackson-core-2.6.7.jar;C:\Users\jmber\.m2\repository\com\fasterxml\jackson\dataformat\jackson-dataformat-cbor\2.6.7\jackson-dataformat-cbor-2.6.7.jar;C:\Users\jmber\.m2\repository\joda-time\joda-time\2.8.1\joda-time-2.8.1.jar;C:\Users\jmber\.m2\repository\com\amazonaws\aws-java-sdk-models\1.11.909\aws-java-sdk-models-1.11.909.jar;C:\Users\jmber\.m2\repository\com\amazonaws\aws-java-sdk-swf-libraries\1.11.22\aws-java-sdk-swf-libraries-1.11.22.jar;C:\Users\jmber\.m2\repository\uk\co\caprica\vlcj\3.10.1\vlcj-3.10.1.jar;C:\Users\jmber\.m2\repository\net\java\dev\jna\jna-platform\4.1.0\jna-platform-4.1.0.jar;C:\Users\jmber\.m2\repository\net\java\dev\jna\jna\4.2.0\jna-4.2.0.jar;C:\Users\jmber\.m2\repository\org\slf4j\slf4j-api\1.7.25\slf4j-api-1.7.25.jar;C:\Users\jmber\.m2\repository\org\slf4j\slf4j-log4j12\1.7.25\slf4j-log4j12-1.7.25.jar;C:\Users\jmber\.m2\repository\log4j\log4j\1.2.17\log4j-1.2.17.jar;C:\Users\jmber\.m2\repository\org\apache\logging\log4j\log4j-api\2.9.1\log4j-api-2.9.1.jar;C:\Users\jmber\.m2\repository\org\apache\logging\log4j\log4j-core\2.9.1\log4j-core-2.9.1.jar;C:\Users\jmber\.m2\repository\com\pojosontheweb\monte-repack\1.0.1\monte-repack-1.0.1.jar;C:\Users\jmber\.m2\repository\javax\media\jai\com.springsource.javax.media.jai.core\1.1.3\com.springsource.javax.media.jai.core-1.1.3.jar;C:\Users\jmber\.m2\repository\javax\media\jai\com.springsource.javax.media.jai.codec\1.1.3\com.springsource.javax.media.jai.codec-1.1.3.jar;C:\Users\jmber\.m2\repository\javax\media\jmf\2.1.1e\jmf-2.1.1e.jar;C:\Users\jmber\.m2\repository\org\seleniumhq\selenium\selenium-server\3.12.0\selenium-server-3.12.0.jar;C:\Users\jmber\.m2\repository\org\seleniumhq\selenium\selenium-java\3.12.0\selenium-java-3.12.0.jar;C:\Users\jmber\.m2\repository\org\seleniumhq\selenium\selenium-api\3.12.0\selenium-api-3.12.0.jar;C:\Users\jmber\.m2\repository\org\seleniumhq\selenium\selenium-chrome-driver\3.12.0\selenium-chrome-driver-3.12.0.jar;C:\Users\jmber\.m2\repository\org\seleniumhq\selenium\selenium-edge-driver\3.12.0\selenium-edge-driver-3.12.0.jar;C:\Users\jmber\.m2\repository\org\seleniumhq\selenium\selenium-firefox-driver\3.12.0\selenium-firefox-driver-3.12.0.jar;C:\Users\jmber\.m2\repository\org\seleniumhq\selenium\selenium-ie-driver\3.12.0\selenium-ie-driver-3.12.0.jar;C:\Users\jmber\.m2\repository\org\seleniumhq\selenium\selenium-opera-driver\3.12.0\selenium-opera-driver-3.12.0.jar;C:\Users\jmber\.m2\repository\org\seleniumhq\selenium\selenium-remote-driver\3.12.0\selenium-remote-driver-3.12.0.jar;C:\Users\jmber\.m2\repository\org\seleniumhq\selenium\selenium-safari-driver\3.12.0\selenium-safari-driver-3.12.0.jar;C:\Users\jmber\.m2\repository\org\seleniumhq\selenium\selenium-support\3.12.0\selenium-support-3.12.0.jar;C:\Users\jmber\.m2\repository\com\beust\jcommander\1.72\jcommander-1.72.jar;C:\Users\jmber\.m2\repository\net\bytebuddy\byte-buddy\1.8.3\byte-buddy-1.8.3.jar;C:\Users\jmber\.m2\repository\org\apache\commons\commons-exec\1.3\commons-exec-1.3.jar;C:\Users\jmber\.m2\repository\org\apache\commons\commons-lang3\3.7\commons-lang3-3.7.jar;C:\Users\jmber\.m2\repository\org\apache\commons\commons-text\1.1\commons-text-1.1.jar;C:\Users\jmber\.m2\repository\commons-codec\commons-codec\1.10\commons-codec-1.10.jar;C:\Users\jmber\.m2\repository\commons-io\commons-io\2.6\commons-io-2.6.jar;C:\Users\jmber\.m2\repository\commons-logging\commons-logging\1.2\commons-logging-1.2.jar;C:\Users\jmber\.m2\repository\commons-net\commons-net\3.6\commons-net-3.6.jar;C:\Users\jmber\.m2\repository\org\w3c\css\sac\1.3\sac-1.3.jar;C:\Users\jmber\.m2\repository\net\sourceforge\cssparser\cssparser\0.9.24\cssparser-0.9.24.jar;C:\Users\jmber\.m2\repository\com\google\code\gson\gson\2.8.2\gson-2.8.2.jar;C:\Users\jmber\.m2\repository\com\google\guava\guava\23.6-jre\guava-23.6-jre.jar;C:\Users\jmber\.m2\repository\com\google\code\findbugs\jsr305\1.3.9\jsr305-1.3.9.jar;C:\Users\jmber\.m2\repository\org\checkerframework\checker-compat-qual\2.0.0\checker-compat-qual-2.0.0.jar;C:\Users\jmber\.m2\repository\com\google\errorprone\error_prone_annotations\2.1.3\error_prone_annotations-2.1.3.jar;C:\Users\jmber\.m2\repository\com\google\j2objc\j2objc-annotations\1.1\j2objc-annotations-1.1.jar;C:\Users\jmber\.m2\repository\org\codehaus\mojo\animal-sniffer-annotations\1.14\animal-sniffer-annotations-1.14.jar;C:\Users\jmber\.m2\repository\net\sourceforge\htmlunit\htmlunit\2.29\htmlunit-2.29.jar;C:\Users\jmber\.m2\repository\net\sourceforge\htmlunit\htmlunit-core-js\2.28\htmlunit-core-js-2.28.jar;C:\Users\jmber\.m2\repository\net\sourceforge\htmlunit\neko-htmlunit\2.28\neko-htmlunit-2.28.jar;C:\Users\jmber\.m2\repository\org\apache\httpcomponents\httpclient\4.5.3\httpclient-4.5.3.jar;C:\Users\jmber\.m2\repository\org\apache\httpcomponents\httpcore\4.4.6\httpcore-4.4.6.jar;C:\Users\jmber\.m2\repository\org\apache\httpcomponents\httpmime\4.5.3\httpmime-4.5.3.jar;C:\Users\jmber\.m2\repository\net\jcip\jcip-annotations\1.0\jcip-annotations-1.0.jar;C:\Users\jmber\.m2\repository\org\seleniumhq\selenium\jetty-repacked\9.4.7.v20171121\jetty-repacked-9.4.7.v20171121.jar;C:\Users\jmber\.m2\repository\org\eclipse\jetty\jetty-client\9.4.7.v20170914\jetty-client-9.4.7.v20170914.jar;C:\Users\jmber\.m2\repository\org\eclipse\jetty\jetty-http\9.4.8.v20171121\jetty-http-9.4.8.v20171121.jar;C:\Users\jmber\.m2\repository\org\eclipse\jetty\jetty-io\9.4.8.v20171121\jetty-io-9.4.8.v20171121.jar;C:\Users\jmber\.m2\repository\org\eclipse\jetty\jetty-util\9.4.8.v20171121\jetty-util-9.4.8.v20171121.jar;C:\Users\jmber\.m2\repository\org\eclipse\jetty\jetty-xml\9.4.7.v20170914\jetty-xml-9.4.7.v20170914.jar;C:\Users\jmber\.m2\repository\com\squareup\okhttp3\okhttp\3.9.1\okhttp-3.9.1.jar;C:\Users\jmber\.m2\repository\com\squareup\okio\okio\1.13.0\okio-1.13.0.jar;C:\Users\jmber\.m2\repository\org\seleniumhq\selenium\htmlunit-driver\2.29.0\htmlunit-driver-2.29.0.jar;C:\Users\jmber\.m2\repository\javax\servlet\javax.servlet-api\3.1.0\javax.servlet-api-3.1.0.jar;C:\Users\jmber\.m2\repository\org\eclipse\jetty\websocket\websocket-api\9.4.7.v20170914\websocket-api-9.4.7.v20170914.jar;C:\Users\jmber\.m2\repository\org\eclipse\jetty\websocket\websocket-client\9.4.7.v20170914\websocket-client-9.4.7.v20170914.jar;C:\Users\jmber\.m2\repository\org\eclipse\jetty\websocket\websocket-common\9.4.7.v20170914\websocket-common-9.4.7.v20170914.jar;C:\Users\jmber\.m2\repository\xalan\serializer\2.7.2\serializer-2.7.2.jar;C:\Users\jmber\.m2\repository\xalan\xalan\2.7.2\xalan-2.7.2.jar;C:\Users\jmber\.m2\repository\xerces\xercesImpl\2.11.0\xercesImpl-2.11.0.jar;C:\Users\jmber\.m2\repository\xml-apis\xml-apis\1.4.01\xml-apis-1.4.01.jar;C:\Users\jmber\.m2\repository\org\yaml\snakeyaml\1.19\snakeyaml-1.19.jar;C:\Users\jmber\.m2\repository\junit\junit\4.11\junit-4.11.jar;C:\Users\jmber\.m2\repository\org\hamcrest\hamcrest-core\1.3\hamcrest-core-1.3.jar;"/>
    <property name="java.vm.vendor" value="Oracle Corporation"/>
    <property name="sun.arch.data.model" value="64"/>
    <property name="user.variant" value=""/>
    <property name="java.vendor.url" value="https://java.oracle.com/"/>
    <property name="user.timezone" value="America/New_York"/>
    <property name="os.name" value="Windows 10"/>
    <property name="java.vm.specification.version" value="15"/>
    <property name="sun.java.launcher" value="SUN_STANDARD"/>
    <property name="user.country" value="US"/>
    <property name="sun.boot.library.path" value="C:\Program Files\Java\jdk-15.0.1\bin"/>
    <property name="sun.java.command" value="C:\Users\jmber\AppData\Local\Temp\surefire16984854441958506007\surefirebooter13493132066004973076.jar C:\Users\jmber\AppData\Local\Temp\surefire16984854441958506007 2020-12-21T17-00-52_182-jvmRun1 surefire9987345023412706107tmp surefire_017582518926223607213tmp"/>
    <property name="jdk.debug" value="release"/>
    <property name="surefire.test.class.path" value="d:\code\CustomGrid\ExtendedGrid\target\test-classes;d:\code\CustomGrid\ExtendedGrid\target\classes;C:\Users\jmber\.m2\repository\com\amazonaws\aws-java-sdk\1.11.909\aws-java-sdk-1.11.909.jar;C:\Users\jmber\.m2\repository\com\amazonaws\aws-java-sdk-mwaa\1.11.909\aws-java-sdk-mwaa-1.11.909.jar;C:\Users\jmber\.m2\repository\com\amazonaws\jmespath-java\1.11.909\jmespath-java-1.11.909.jar;C:\Users\jmber\.m2\repository\com\amazonaws\aws-java-sdk-networkfirewall\1.11.909\aws-java-sdk-networkfirewall-1.11.909.jar;C:\Users\jmber\.m2\repository\com\amazonaws\aws-java-sdk-appregistry\1.11.909\aws-java-sdk-appregistry-1.11.909.jar;C:\Users\jmber\.m2\repository\com\amazonaws\aws-java-sdk-gluedatabrew\1.11.909\aws-java-sdk-gluedatabrew-1.11.909.jar;C:\Users\jmber\.m2\repository\com\amazonaws\aws-java-sdk-s3outposts\1.11.909\aws-java-sdk-s3outposts-1.11.909.jar;C:\Users\jmber\.m2\repository\com\amazonaws\aws-java-sdk-timestreamquery\1.11.909\aws-java-sdk-timestreamquery-1.11.909.jar;C:\Users\jmber\.m2\repository\com\amazonaws\aws-java-sdk-timestreamwrite\1.11.909\aws-java-sdk-timestreamwrite-1.11.909.jar;C:\Users\jmber\.m2\repository\com\amazonaws\aws-java-sdk-ssoadmin\1.11.909\aws-java-sdk-ssoadmin-1.11.909.jar;C:\Users\jmber\.m2\repository\com\amazonaws\aws-java-sdk-redshiftdataapi\1.11.909\aws-java-sdk-redshiftdataapi-1.11.909.jar;C:\Users\jmber\.m2\repository\com\amazonaws\aws-java-sdk-appflow\1.11.909\aws-java-sdk-appflow-1.11.909.jar;C:\Users\jmber\.m2\repository\com\amazonaws\aws-java-sdk-identitystore\1.11.909\aws-java-sdk-identitystore-1.11.909.jar;C:\Users\jmber\.m2\repository\com\amazonaws\aws-java-sdk-braket\1.11.909\aws-java-sdk-braket-1.11.909.jar;C:\Users\jmber\.m2\repository\com\amazonaws\aws-java-sdk-ivs\1.11.909\aws-java-sdk-ivs-1.11.909.jar;C:\Users\jmber\.m2\repository\com\amazonaws\aws-java-sdk-honeycode\1.11.909\aws-java-sdk-honeycode-1.11.909.jar;C:\Users\jmber\.m2\repository\com\amazonaws\aws-java-sdk-codeartifact\1.11.909\aws-java-sdk-codeartifact-1.11.909.jar;C:\Users\jmber\.m2\repository\com\amazonaws\aws-java-sdk-macie2\1.11.909\aws-java-sdk-macie2-1.11.909.jar;C:\Users\jmber\.m2\repository\com\amazonaws\aws-java-sdk-iotsitewise\1.11.909\aws-java-sdk-iotsitewise-1.11.909.jar;C:\Users\jmber\.m2\repository\com\amazonaws\aws-java-sdk-synthetics\1.11.909\aws-java-sdk-synthetics-1.11.909.jar;C:\Users\jmber\.m2\repository\com\amazonaws\aws-java-sdk-codestarconnections\1.11.909\aws-java-sdk-codestarconnections-1.11.909.jar;C:\Users\jmber\.m2\repository\com\amazonaws\aws-java-sdk-detective\1.11.909\aws-java-sdk-detective-1.11.909.jar;C:\Users\jmber\.m2\repository\com\amazonaws\aws-java-sdk-kinesisvideosignalingchannels\1.11.909\aws-java-sdk-kinesisvideosignalingchannels-1.11.909.jar;C:\Users\jmber\.m2\repository\com\amazonaws\aws-java-sdk-ebs\1.11.909\aws-java-sdk-ebs-1.11.909.jar;C:\Users\jmber\.m2\repository\com\amazonaws\aws-java-sdk-augmentedairuntime\1.11.909\aws-java-sdk-augmentedairuntime-1.11.909.jar;C:\Users\jmber\.m2\repository\com\amazonaws\aws-java-sdk-outposts\1.11.909\aws-java-sdk-outposts-1.11.909.jar;C:\Users\jmber\.m2\repository\com\amazonaws\aws-java-sdk-codeguruprofiler\1.11.909\aws-java-sdk-codeguruprofiler-1.11.909.jar;C:\Users\jmber\.m2\repository\com\amazonaws\aws-java-sdk-codegurureviewer\1.11.909\aws-java-sdk-codegurureviewer-1.11.909.jar;C:\Users\jmber\.m2\repository\com\amazonaws\aws-java-sdk-frauddetector\1.11.909\aws-java-sdk-frauddetector-1.11.909.jar;C:\Users\jmber\.m2\repository\com\amazonaws\aws-java-sdk-kendra\1.11.909\aws-java-sdk-kendra-1.11.909.jar;C:\Users\jmber\.m2\repository\com\amazonaws\aws-java-sdk-networkmanager\1.11.909\aws-java-sdk-networkmanager-1.11.909.jar;C:\Users\jmber\.m2\repository\com\amazonaws\aws-java-sdk-computeoptimizer\1.11.909\aws-java-sdk-computeoptimizer-1.11.909.jar;C:\Users\jmber\.m2\repository\com\amazonaws\aws-java-sdk-accessanalyzer\1.11.909\aws-java-sdk-accessanalyzer-1.11.909.jar;C:\Users\jmber\.m2\repository\com\amazonaws\aws-java-sdk-schemas\1.11.909\aws-java-sdk-schemas-1.11.909.jar;C:\Users\jmber\.m2\repository\com\amazonaws\aws-java-sdk-imagebuilder\1.11.909\aws-java-sdk-imagebuilder-1.11.909.jar;C:\Users\jmber\.m2\repository\com\amazonaws\aws-java-sdk-elasticinference\1.11.909\aws-java-sdk-elasticinference-1.11.909.jar;C:\Users\jmber\.m2\repository\com\amazonaws\aws-java-sdk-iotsecuretunneling\1.11.909\aws-java-sdk-iotsecuretunneling-1.11.909.jar;C:\Users\jmber\.m2\repository\com\amazonaws\aws-java-sdk-appconfig\1.11.909\aws-java-sdk-appconfig-1.11.909.jar;C:\Users\jmber\.m2\repository\com\amazonaws\aws-java-sdk-wafv2\1.11.909\aws-java-sdk-wafv2-1.11.909.jar;C:\Users\jmber\.m2\repository\com\amazonaws\aws-java-sdk-connectparticipant\1.11.909\aws-java-sdk-connectparticipant-1.11.909.jar;C:\Users\jmber\.m2\repository\com\amazonaws\aws-java-sdk-migrationhubconfig\1.11.909\aws-java-sdk-migrationhubconfig-1.11.909.jar;C:\Users\jmber\.m2\repository\com\amazonaws\aws-java-sdk-dataexchange\1.11.909\aws-java-sdk-dataexchange-1.11.909.jar;C:\Users\jmber\.m2\repository\com\amazonaws\aws-java-sdk-sesv2\1.11.909\aws-java-sdk-sesv2-1.11.909.jar;C:\Users\jmber\.m2\repository\com\amazonaws\aws-java-sdk-marketplacecatalog\1.11.909\aws-java-sdk-marketplacecatalog-1.11.909.jar;C:\Users\jmber\.m2\repository\com\amazonaws\aws-java-sdk-ssooidc\1.11.909\aws-java-sdk-ssooidc-1.11.909.jar;C:\Users\jmber\.m2\repository\com\amazonaws\aws-java-sdk-sso\1.11.909\aws-java-sdk-sso-1.11.909.jar;C:\Users\jmber\.m2\repository\com\amazonaws\aws-java-sdk-savingsplans\1.11.909\aws-java-sdk-savingsplans-1.11.909.jar;C:\Users\jmber\.m2\repository\com\amazonaws\aws-java-sdk-codestarnotifications\1.11.909\aws-java-sdk-codestarnotifications-1.11.909.jar;C:\Users\jmber\.m2\repository\com\amazonaws\aws-java-sdk-workmailmessageflow\1.11.909\aws-java-sdk-workmailmessageflow-1.11.909.jar;C:\Users\jmber\.m2\repository\com\amazonaws\aws-java-sdk-qldbsession\1.11.909\aws-java-sdk-qldbsession-1.11.909.jar;C:\Users\jmber\.m2\repository\com\amazonaws\aws-java-sdk-qldb\1.11.909\aws-java-sdk-qldb-1.11.909.jar;C:\Users\jmber\.m2\repository\com\amazonaws\aws-java-sdk-forecastquery\1.11.909\aws-java-sdk-forecastquery-1.11.909.jar;C:\Users\jmber\.m2\repository\com\amazonaws\aws-java-sdk-forecast\1.11.909\aws-java-sdk-forecast-1.11.909.jar;C:\Users\jmber\.m2\repository\com\amazonaws\aws-java-sdk-lakeformation\1.11.909\aws-java-sdk-lakeformation-1.11.909.jar;C:\Users\jmber\.m2\repository\com\amazonaws\aws-java-sdk-eventbridge\1.11.909\aws-java-sdk-eventbridge-1.11.909.jar;C:\Users\jmber\.m2\repository\com\amazonaws\aws-java-sdk-ec2instanceconnect\1.11.909\aws-java-sdk-ec2instanceconnect-1.11.909.jar;C:\Users\jmber\.m2\repository\com\amazonaws\aws-java-sdk-applicationinsights\1.11.909\aws-java-sdk-applicationinsights-1.11.909.jar;C:\Users\jmber\.m2\repository\com\amazonaws\aws-java-sdk-servicequotas\1.11.909\aws-java-sdk-servicequotas-1.11.909.jar;C:\Users\jmber\.m2\repository\com\amazonaws\aws-java-sdk-personalizeevents\1.11.909\aws-java-sdk-personalizeevents-1.11.909.jar;C:\Users\jmber\.m2\repository\com\amazonaws\aws-java-sdk-personalize\1.11.909\aws-java-sdk-personalize-1.11.909.jar;C:\Users\jmber\.m2\repository\com\amazonaws\aws-java-sdk-personalizeruntime\1.11.909\aws-java-sdk-personalizeruntime-1.11.909.jar;C:\Users\jmber\.m2\repository\com\amazonaws\aws-java-sdk-ioteventsdata\1.11.909\aws-java-sdk-ioteventsdata-1.11.909.jar;C:\Users\jmber\.m2\repository\com\amazonaws\aws-java-sdk-iotevents\1.11.909\aws-java-sdk-iotevents-1.11.909.jar;C:\Users\jmber\.m2\repository\com\amazonaws\aws-java-sdk-iotthingsgraph\1.11.909\aws-java-sdk-iotthingsgraph-1.11.909.jar;C:\Users\jmber\.m2\repository\com\amazonaws\aws-java-sdk-groundstation\1.11.909\aws-java-sdk-groundstation-1.11.909.jar;C:\Users\jmber\.m2\repository\com\amazonaws\aws-java-sdk-mediapackagevod\1.11.909\aws-java-sdk-mediapackagevod-1.11.909.jar;C:\Users\jmber\.m2\repository\com\amazonaws\aws-java-sdk-managedblockchain\1.11.909\aws-java-sdk-managedblockchain-1.11.909.jar;C:\Users\jmber\.m2\repository\com\amazonaws\aws-java-sdk-textract\1.11.909\aws-java-sdk-textract-1.11.909.jar;C:\Users\jmber\.m2\repository\com\amazonaws\aws-java-sdk-worklink\1.11.909\aws-java-sdk-worklink-1.11.909.jar;C:\Users\jmber\.m2\repository\com\amazonaws\aws-java-sdk-backup\1.11.909\aws-java-sdk-backup-1.11.909.jar;C:\Users\jmber\.m2\repository\com\amazonaws\aws-java-sdk-docdb\1.11.909\aws-java-sdk-docdb-1.11.909.jar;C:\Users\jmber\.m2\repository\com\amazonaws\aws-java-sdk-apigatewayv2\1.11.909\aws-java-sdk-apigatewayv2-1.11.909.jar;C:\Users\jmber\.m2\repository\com\amazonaws\aws-java-sdk-apigatewaymanagementapi\1.11.909\aws-java-sdk-apigatewaymanagementapi-1.11.909.jar;C:\Users\jmber\.m2\repository\com\amazonaws\aws-java-sdk-kafka\1.11.909\aws-java-sdk-kafka-1.11.909.jar;C:\Users\jmber\.m2\repository\com\amazonaws\aws-java-sdk-appmesh\1.11.909\aws-java-sdk-appmesh-1.11.909.jar;C:\Users\jmber\.m2\repository\com\amazonaws\aws-java-sdk-licensemanager\1.11.909\aws-java-sdk-licensemanager-1.11.909.jar;C:\Users\jmber\.m2\repository\com\amazonaws\aws-java-sdk-securityhub\1.11.909\aws-java-sdk-securityhub-1.11.909.jar;C:\Users\jmber\.m2\repository\com\amazonaws\aws-java-sdk-fsx\1.11.909\aws-java-sdk-fsx-1.11.909.jar;C:\Users\jmber\.m2\repository\com\amazonaws\aws-java-sdk-mediaconnect\1.11.909\aws-java-sdk-mediaconnect-1.11.909.jar;C:\Users\jmber\.m2\repository\com\amazonaws\aws-java-sdk-kinesisanalyticsv2\1.11.909\aws-java-sdk-kinesisanalyticsv2-1.11.909.jar;C:\Users\jmber\.m2\repository\com\amazonaws\aws-java-sdk-comprehendmedical\1.11.909\aws-java-sdk-comprehendmedical-1.11.909.jar;C:\Users\jmber\.m2\repository\com\amazonaws\aws-java-sdk-globalaccelerator\1.11.909\aws-java-sdk-globalaccelerator-1.11.909.jar;C:\Users\jmber\.m2\repository\com\amazonaws\aws-java-sdk-transfer\1.11.909\aws-java-sdk-transfer-1.11.909.jar;C:\Users\jmber\.m2\repository\com\amazonaws\aws-java-sdk-datasync\1.11.909\aws-java-sdk-datasync-1.11.909.jar;C:\Users\jmber\.m2\repository\com\amazonaws\aws-java-sdk-robomaker\1.11.909\aws-java-sdk-robomaker-1.11.909.jar;C:\Users\jmber\.m2\repository\com\amazonaws\aws-java-sdk-amplify\1.11.909\aws-java-sdk-amplify-1.11.909.jar;C:\Users\jmber\.m2\repository\com\amazonaws\aws-java-sdk-quicksight\1.11.909\aws-java-sdk-quicksight-1.11.909.jar;C:\Users\jmber\.m2\repository\com\amazonaws\aws-java-sdk-rdsdata\1.11.909\aws-java-sdk-rdsdata-1.11.909.jar;C:\Users\jmber\.m2\repository\com\amazonaws\aws-java-sdk-route53resolver\1.11.909\aws-java-sdk-route53resolver-1.11.909.jar;C:\Users\jmber\.m2\repository\com\amazonaws\aws-java-sdk-ram\1.11.909\aws-java-sdk-ram-1.11.909.jar;C:\Users\jmber\.m2\repository\com\amazonaws\aws-java-sdk-s3control\1.11.909\aws-java-sdk-s3control-1.11.909.jar;C:\Users\jmber\.m2\repository\com\amazonaws\aws-java-sdk-pinpointsmsvoice\1.11.909\aws-java-sdk-pinpointsmsvoice-1.11.909.jar;C:\Users\jmber\.m2\repository\com\amazonaws\aws-java-sdk-pinpointemail\1.11.909\aws-java-sdk-pinpointemail-1.11.909.jar;C:\Users\jmber\.m2\repository\com\amazonaws\aws-java-sdk-chime\1.11.909\aws-java-sdk-chime-1.11.909.jar;C:\Users\jmber\.m2\repository\com\amazonaws\aws-java-sdk-signer\1.11.909\aws-java-sdk-signer-1.11.909.jar;C:\Users\jmber\.m2\repository\com\amazonaws\aws-java-sdk-dlm\1.11.909\aws-java-sdk-dlm-1.11.909.jar;C:\Users\jmber\.m2\repository\com\amazonaws\aws-java-sdk-macie\1.11.909\aws-java-sdk-macie-1.11.909.jar;C:\Users\jmber\.m2\repository\com\amazonaws\aws-java-sdk-eks\1.11.909\aws-java-sdk-eks-1.11.909.jar;C:\Users\jmber\.m2\repository\com\amazonaws\aws-java-sdk-mediatailor\1.11.909\aws-java-sdk-mediatailor-1.11.909.jar;C:\Users\jmber\.m2\repository\com\amazonaws\aws-java-sdk-neptune\1.11.909\aws-java-sdk-neptune-1.11.909.jar;C:\Users\jmber\.m2\repository\com\amazonaws\aws-java-sdk-pi\1.11.909\aws-java-sdk-pi-1.11.909.jar;C:\Users\jmber\.m2\repository\com\amazonaws\aws-java-sdk-iot1clickprojects\1.11.909\aws-java-sdk-iot1clickprojects-1.11.909.jar;C:\Users\jmber\.m2\repository\com\amazonaws\aws-java-sdk-iot1clickdevices\1.11.909\aws-java-sdk-iot1clickdevices-1.11.909.jar;C:\Users\jmber\.m2\repository\com\amazonaws\aws-java-sdk-iotanalytics\1.11.909\aws-java-sdk-iotanalytics-1.11.909.jar;C:\Users\jmber\.m2\repository\com\amazonaws\aws-java-sdk-acmpca\1.11.909\aws-java-sdk-acmpca-1.11.909.jar;C:\Users\jmber\.m2\repository\com\amazonaws\aws-java-sdk-secretsmanager\1.11.909\aws-java-sdk-secretsmanager-1.11.909.jar;C:\Users\jmber\.m2\repository\com\amazonaws\aws-java-sdk-fms\1.11.909\aws-java-sdk-fms-1.11.909.jar;C:\Users\jmber\.m2\repository\com\amazonaws\aws-java-sdk-connect\1.11.909\aws-java-sdk-connect-1.11.909.jar;C:\Users\jmber\.m2\repository\com\amazonaws\aws-java-sdk-transcribe\1.11.909\aws-java-sdk-transcribe-1.11.909.jar;C:\Users\jmber\.m2\repository\com\amazonaws\aws-java-sdk-autoscalingplans\1.11.909\aws-java-sdk-autoscalingplans-1.11.909.jar;C:\Users\jmber\.m2\repository\com\amazonaws\aws-java-sdk-workmail\1.11.909\aws-java-sdk-workmail-1.11.909.jar;C:\Users\jmber\.m2\repository\com\amazonaws\aws-java-sdk-servicediscovery\1.11.909\aws-java-sdk-servicediscovery-1.11.909.jar;C:\Users\jmber\.m2\repository\com\amazonaws\aws-java-sdk-cloud9\1.11.909\aws-java-sdk-cloud9-1.11.909.jar;C:\Users\jmber\.m2\repository\com\amazonaws\aws-java-sdk-serverlessapplicationrepository\1.11.909\aws-java-sdk-serverlessapplicationrepository-1.11.909.jar;C:\Users\jmber\.m2\repository\com\amazonaws\aws-java-sdk-alexaforbusiness\1.11.909\aws-java-sdk-alexaforbusiness-1.11.909.jar;C:\Users\jmber\.m2\repository\com\amazonaws\aws-java-sdk-resourcegroups\1.11.909\aws-java-sdk-resourcegroups-1.11.909.jar;C:\Users\jmber\.m2\repository\com\amazonaws\aws-java-sdk-comprehend\1.11.909\aws-java-sdk-comprehend-1.11.909.jar;C:\Users\jmber\.m2\repository\com\amazonaws\aws-java-sdk-translate\1.11.909\aws-java-sdk-translate-1.11.909.jar;C:\Users\jmber\.m2\repository\com\amazonaws\aws-java-sdk-sagemaker\1.11.909\aws-java-sdk-sagemaker-1.11.909.jar;C:\Users\jmber\.m2\repository\com\amazonaws\aws-java-sdk-iotjobsdataplane\1.11.909\aws-java-sdk-iotjobsdataplane-1.11.909.jar;C:\Users\jmber\.m2\repository\com\amazonaws\aws-java-sdk-sagemakerruntime\1.11.909\aws-java-sdk-sagemakerruntime-1.11.909.jar;C:\Users\jmber\.m2\repository\com\amazonaws\aws-java-sdk-kinesisvideo\1.11.909\aws-java-sdk-kinesisvideo-1.11.909.jar;C:\Users\jmber\.m2\repository\io\netty\netty-codec-http\4.1.48.Final\netty-codec-http-4.1.48.Final.jar;C:\Users\jmber\.m2\repository\io\netty\netty-common\4.1.48.Final\netty-common-4.1.48.Final.jar;C:\Users\jmber\.m2\repository\io\netty\netty-buffer\4.1.48.Final\netty-buffer-4.1.48.Final.jar;C:\Users\jmber\.m2\repository\io\netty\netty-transport\4.1.48.Final\netty-transport-4.1.48.Final.jar;C:\Users\jmber\.m2\repository\io\netty\netty-codec\4.1.48.Final\netty-codec-4.1.48.Final.jar;C:\Users\jmber\.m2\repository\io\netty\netty-handler\4.1.48.Final\netty-handler-4.1.48.Final.jar;C:\Users\jmber\.m2\repository\io\netty\netty-resolver\4.1.48.Final\netty-resolver-4.1.48.Final.jar;C:\Users\jmber\.m2\repository\com\amazonaws\aws-java-sdk-appsync\1.11.909\aws-java-sdk-appsync-1.11.909.jar;C:\Users\jmber\.m2\repository\com\amazonaws\aws-java-sdk-guardduty\1.11.909\aws-java-sdk-guardduty-1.11.909.jar;C:\Users\jmber\.m2\repository\com\amazonaws\aws-java-sdk-mq\1.11.909\aws-java-sdk-mq-1.11.909.jar;C:\Users\jmber\.m2\repository\com\amazonaws\aws-java-sdk-mediaconvert\1.11.909\aws-java-sdk-mediaconvert-1.11.909.jar;C:\Users\jmber\.m2\repository\com\amazonaws\aws-java-sdk-mediastore\1.11.909\aws-java-sdk-mediastore-1.11.909.jar;C:\Users\jmber\.m2\repository\com\amazonaws\aws-java-sdk-mediastoredata\1.11.909\aws-java-sdk-mediastoredata-1.11.909.jar;C:\Users\jmber\.m2\repository\com\amazonaws\aws-java-sdk-medialive\1.11.909\aws-java-sdk-medialive-1.11.909.jar;C:\Users\jmber\.m2\repository\com\amazonaws\aws-java-sdk-mediapackage\1.11.909\aws-java-sdk-mediapackage-1.11.909.jar;C:\Users\jmber\.m2\repository\com\amazonaws\aws-java-sdk-costexplorer\1.11.909\aws-java-sdk-costexplorer-1.11.909.jar;C:\Users\jmber\.m2\repository\com\amazonaws\aws-java-sdk-pricing\1.11.909\aws-java-sdk-pricing-1.11.909.jar;C:\Users\jmber\.m2\repository\com\amazonaws\aws-java-sdk-mobile\1.11.909\aws-java-sdk-mobile-1.11.909.jar;C:\Users\jmber\.m2\repository\com\amazonaws\aws-java-sdk-cloudhsmv2\1.11.909\aws-java-sdk-cloudhsmv2-1.11.909.jar;C:\Users\jmber\.m2\repository\com\amazonaws\aws-java-sdk-glue\1.11.909\aws-java-sdk-glue-1.11.909.jar;C:\Users\jmber\.m2\repository\com\amazonaws\aws-java-sdk-migrationhub\1.11.909\aws-java-sdk-migrationhub-1.11.909.jar;C:\Users\jmber\.m2\repository\com\amazonaws\aws-java-sdk-dax\1.11.909\aws-java-sdk-dax-1.11.909.jar;C:\Users\jmber\.m2\repository\com\amazonaws\aws-java-sdk-greengrass\1.11.909\aws-java-sdk-greengrass-1.11.909.jar;C:\Users\jmber\.m2\repository\com\amazonaws\aws-java-sdk-athena\1.11.909\aws-java-sdk-athena-1.11.909.jar;C:\Users\jmber\.m2\repository\com\amazonaws\aws-java-sdk-marketplaceentitlement\1.11.909\aws-java-sdk-marketplaceentitlement-1.11.909.jar;C:\Users\jmber\.m2\repository\com\amazonaws\aws-java-sdk-codestar\1.11.909\aws-java-sdk-codestar-1.11.909.jar;C:\Users\jmber\.m2\repository\com\amazonaws\aws-java-sdk-lexmodelbuilding\1.11.909\aws-java-sdk-lexmodelbuilding-1.11.909.jar;C:\Users\jmber\.m2\repository\com\amazonaws\aws-java-sdk-resourcegroupstaggingapi\1.11.909\aws-java-sdk-resourcegroupstaggingapi-1.11.909.jar;C:\Users\jmber\.m2\repository\com\amazonaws\aws-java-sdk-pinpoint\1.11.909\aws-java-sdk-pinpoint-1.11.909.jar;C:\Users\jmber\.m2\repository\com\amazonaws\aws-java-sdk-xray\1.11.909\aws-java-sdk-xray-1.11.909.jar;C:\Users\jmber\.m2\repository\com\amazonaws\aws-java-sdk-opsworkscm\1.11.909\aws-java-sdk-opsworkscm-1.11.909.jar;C:\Users\jmber\.m2\repository\com\amazonaws\aws-java-sdk-support\1.11.909\aws-java-sdk-support-1.11.909.jar;C:\Users\jmber\.m2\repository\com\amazonaws\aws-java-sdk-simpledb\1.11.909\aws-java-sdk-simpledb-1.11.909.jar;C:\Users\jmber\.m2\repository\com\amazonaws\aws-java-sdk-servicecatalog\1.11.909\aws-java-sdk-servicecatalog-1.11.909.jar;C:\Users\jmber\.m2\repository\com\amazonaws\aws-java-sdk-servermigration\1.11.909\aws-java-sdk-servermigration-1.11.909.jar;C:\Users\jmber\.m2\repository\com\amazonaws\aws-java-sdk-simpleworkflow\1.11.909\aws-java-sdk-simpleworkflow-1.11.909.jar;C:\Users\jmber\.m2\repository\com\amazonaws\aws-java-sdk-storagegateway\1.11.909\aws-java-sdk-storagegateway-1.11.909.jar;C:\Users\jmber\.m2\repository\com\amazonaws\aws-java-sdk-route53\1.11.909\aws-java-sdk-route53-1.11.909.jar;C:\Users\jmber\.m2\repository\com\amazonaws\aws-java-sdk-s3\1.11.909\aws-java-sdk-s3-1.11.909.jar;C:\Users\jmber\.m2\repository\com\amazonaws\aws-java-sdk-importexport\1.11.909\aws-java-sdk-importexport-1.11.909.jar;C:\Users\jmber\.m2\repository\com\amazonaws\aws-java-sdk-sts\1.11.909\aws-java-sdk-sts-1.11.909.jar;C:\Users\jmber\.m2\repository\com\amazonaws\aws-java-sdk-sqs\1.11.909\aws-java-sdk-sqs-1.11.909.jar;C:\Users\jmber\.m2\repository\com\amazonaws\aws-java-sdk-rds\1.11.909\aws-java-sdk-rds-1.11.909.jar;C:\Users\jmber\.m2\repository\com\amazonaws\aws-java-sdk-redshift\1.11.909\aws-java-sdk-redshift-1.11.909.jar;C:\Users\jmber\.m2\repository\com\amazonaws\aws-java-sdk-elasticbeanstalk\1.11.909\aws-java-sdk-elasticbeanstalk-1.11.909.jar;C:\Users\jmber\.m2\repository\com\amazonaws\aws-java-sdk-glacier\1.11.909\aws-java-sdk-glacier-1.11.909.jar;C:\Users\jmber\.m2\repository\com\amazonaws\aws-java-sdk-iam\1.11.909\aws-java-sdk-iam-1.11.909.jar;C:\Users\jmber\.m2\repository\com\amazonaws\aws-java-sdk-datapipeline\1.11.909\aws-java-sdk-datapipeline-1.11.909.jar;C:\Users\jmber\.m2\repository\com\amazonaws\aws-java-sdk-elasticloadbalancing\1.11.909\aws-java-sdk-elasticloadbalancing-1.11.909.jar;C:\Users\jmber\.m2\repository\com\amazonaws\aws-java-sdk-elasticloadbalancingv2\1.11.909\aws-java-sdk-elasticloadbalancingv2-1.11.909.jar;C:\Users\jmber\.m2\repository\com\amazonaws\aws-java-sdk-emr\1.11.909\aws-java-sdk-emr-1.11.909.jar;C:\Users\jmber\.m2\repository\com\amazonaws\aws-java-sdk-elasticache\1.11.909\aws-java-sdk-elasticache-1.11.909.jar;C:\Users\jmber\.m2\repository\com\amazonaws\aws-java-sdk-elastictranscoder\1.11.909\aws-java-sdk-elastictranscoder-1.11.909.jar;C:\Users\jmber\.m2\repository\com\amazonaws\aws-java-sdk-ec2\1.11.909\aws-java-sdk-ec2-1.11.909.jar;C:\Users\jmber\.m2\repository\com\amazonaws\aws-java-sdk-dynamodb\1.11.909\aws-java-sdk-dynamodb-1.11.909.jar;C:\Users\jmber\.m2\repository\com\amazonaws\aws-java-sdk-sns\1.11.909\aws-java-sdk-sns-1.11.909.jar;C:\Users\jmber\.m2\repository\com\amazonaws\aws-java-sdk-budgets\1.11.909\aws-java-sdk-budgets-1.11.909.jar;C:\Users\jmber\.m2\repository\com\amazonaws\aws-java-sdk-cloudtrail\1.11.909\aws-java-sdk-cloudtrail-1.11.909.jar;C:\Users\jmber\.m2\repository\com\amazonaws\aws-java-sdk-cloudwatch\1.11.909\aws-java-sdk-cloudwatch-1.11.909.jar;C:\Users\jmber\.m2\repository\com\amazonaws\aws-java-sdk-logs\1.11.909\aws-java-sdk-logs-1.11.909.jar;C:\Users\jmber\.m2\repository\com\amazonaws\aws-java-sdk-events\1.11.909\aws-java-sdk-events-1.11.909.jar;C:\Users\jmber\.m2\repository\com\amazonaws\aws-java-sdk-cognitoidentity\1.11.909\aws-java-sdk-cognitoidentity-1.11.909.jar;C:\Users\jmber\.m2\repository\com\amazonaws\aws-java-sdk-cognitosync\1.11.909\aws-java-sdk-cognitosync-1.11.909.jar;C:\Users\jmber\.m2\repository\com\amazonaws\aws-java-sdk-directconnect\1.11.909\aws-java-sdk-directconnect-1.11.909.jar;C:\Users\jmber\.m2\repository\com\amazonaws\aws-java-sdk-cloudformation\1.11.909\aws-java-sdk-cloudformation-1.11.909.jar;C:\Users\jmber\.m2\repository\com\amazonaws\aws-java-sdk-cloudfront\1.11.909\aws-java-sdk-cloudfront-1.11.909.jar;C:\Users\jmber\.m2\repository\com\amazonaws\aws-java-sdk-clouddirectory\1.11.909\aws-java-sdk-clouddirectory-1.11.909.jar;C:\Users\jmber\.m2\repository\com\amazonaws\aws-java-sdk-kinesis\1.11.909\aws-java-sdk-kinesis-1.11.909.jar;C:\Users\jmber\.m2\repository\com\amazonaws\aws-java-sdk-opsworks\1.11.909\aws-java-sdk-opsworks-1.11.909.jar;C:\Users\jmber\.m2\repository\com\amazonaws\aws-java-sdk-ses\1.11.909\aws-java-sdk-ses-1.11.909.jar;C:\Users\jmber\.m2\repository\com\amazonaws\aws-java-sdk-autoscaling\1.11.909\aws-java-sdk-autoscaling-1.11.909.jar;C:\Users\jmber\.m2\repository\com\amazonaws\aws-java-sdk-cloudsearch\1.11.909\aws-java-sdk-cloudsearch-1.11.909.jar;C:\Users\jmber\.m2\repository\com\amazonaws\aws-java-sdk-cloudwatchmetrics\1.11.909\aws-java-sdk-cloudwatchmetrics-1.11.909.jar;C:\Users\jmber\.m2\repository\com\amazonaws\aws-java-sdk-codedeploy\1.11.909\aws-java-sdk-codedeploy-1.11.909.jar;C:\Users\jmber\.m2\repository\com\amazonaws\aws-java-sdk-codepipeline\1.11.909\aws-java-sdk-codepipeline-1.11.909.jar;C:\Users\jmber\.m2\repository\com\amazonaws\aws-java-sdk-kms\1.11.909\aws-java-sdk-kms-1.11.909.jar;C:\Users\jmber\.m2\repository\com\amazonaws\aws-java-sdk-config\1.11.909\aws-java-sdk-config-1.11.909.jar;C:\Users\jmber\.m2\repository\com\amazonaws\aws-java-sdk-lambda\1.11.909\aws-java-sdk-lambda-1.11.909.jar;C:\Users\jmber\.m2\repository\com\amazonaws\aws-java-sdk-ecs\1.11.909\aws-java-sdk-ecs-1.11.909.jar;C:\Users\jmber\.m2\repository\com\amazonaws\aws-java-sdk-ecr\1.11.909\aws-java-sdk-ecr-1.11.909.jar;C:\Users\jmber\.m2\repository\com\amazonaws\aws-java-sdk-cloudhsm\1.11.909\aws-java-sdk-cloudhsm-1.11.909.jar;C:\Users\jmber\.m2\repository\com\amazonaws\aws-java-sdk-ssm\1.11.909\aws-java-sdk-ssm-1.11.909.jar;C:\Users\jmber\.m2\repository\com\amazonaws\aws-java-sdk-workspaces\1.11.909\aws-java-sdk-workspaces-1.11.909.jar;C:\Users\jmber\.m2\repository\com\amazonaws\aws-java-sdk-machinelearning\1.11.909\aws-java-sdk-machinelearning-1.11.909.jar;C:\Users\jmber\.m2\repository\com\amazonaws\aws-java-sdk-directory\1.11.909\aws-java-sdk-directory-1.11.909.jar;C:\Users\jmber\.m2\repository\com\amazonaws\aws-java-sdk-efs\1.11.909\aws-java-sdk-efs-1.11.909.jar;C:\Users\jmber\.m2\repository\com\amazonaws\aws-java-sdk-codecommit\1.11.909\aws-java-sdk-codecommit-1.11.909.jar;C:\Users\jmber\.m2\repository\com\amazonaws\aws-java-sdk-devicefarm\1.11.909\aws-java-sdk-devicefarm-1.11.909.jar;C:\Users\jmber\.m2\repository\com\amazonaws\aws-java-sdk-elasticsearch\1.11.909\aws-java-sdk-elasticsearch-1.11.909.jar;C:\Users\jmber\.m2\repository\com\amazonaws\aws-java-sdk-waf\1.11.909\aws-java-sdk-waf-1.11.909.jar;C:\Users\jmber\.m2\repository\com\amazonaws\aws-java-sdk-marketplacecommerceanalytics\1.11.909\aws-java-sdk-marketplacecommerceanalytics-1.11.909.jar;C:\Users\jmber\.m2\repository\com\amazonaws\aws-java-sdk-inspector\1.11.909\aws-java-sdk-inspector-1.11.909.jar;C:\Users\jmber\.m2\repository\com\amazonaws\aws-java-sdk-iot\1.11.909\aws-java-sdk-iot-1.11.909.jar;C:\Users\jmber\.m2\repository\com\amazonaws\aws-java-sdk-api-gateway\1.11.909\aws-java-sdk-api-gateway-1.11.909.jar;C:\Users\jmber\.m2\repository\com\amazonaws\aws-java-sdk-acm\1.11.909\aws-java-sdk-acm-1.11.909.jar;C:\Users\jmber\.m2\repository\com\amazonaws\aws-java-sdk-gamelift\1.11.909\aws-java-sdk-gamelift-1.11.909.jar;C:\Users\jmber\.m2\repository\com\amazonaws\aws-java-sdk-dms\1.11.909\aws-java-sdk-dms-1.11.909.jar;C:\Users\jmber\.m2\repository\com\amazonaws\aws-java-sdk-marketplacemeteringservice\1.11.909\aws-java-sdk-marketplacemeteringservice-1.11.909.jar;C:\Users\jmber\.m2\repository\com\amazonaws\aws-java-sdk-cognitoidp\1.11.909\aws-java-sdk-cognitoidp-1.11.909.jar;C:\Users\jmber\.m2\repository\com\amazonaws\aws-java-sdk-discovery\1.11.909\aws-java-sdk-discovery-1.11.909.jar;C:\Users\jmber\.m2\repository\com\amazonaws\aws-java-sdk-applicationautoscaling\1.11.909\aws-java-sdk-applicationautoscaling-1.11.909.jar;C:\Users\jmber\.m2\repository\com\amazonaws\aws-java-sdk-snowball\1.11.909\aws-java-sdk-snowball-1.11.909.jar;C:\Users\jmber\.m2\repository\com\amazonaws\aws-java-sdk-rekognition\1.11.909\aws-java-sdk-rekognition-1.11.909.jar;C:\Users\jmber\.m2\repository\com\amazonaws\aws-java-sdk-polly\1.11.909\aws-java-sdk-polly-1.11.909.jar;C:\Users\jmber\.m2\repository\com\amazonaws\aws-java-sdk-lightsail\1.11.909\aws-java-sdk-lightsail-1.11.909.jar;C:\Users\jmber\.m2\repository\com\amazonaws\aws-java-sdk-stepfunctions\1.11.909\aws-java-sdk-stepfunctions-1.11.909.jar;C:\Users\jmber\.m2\repository\com\amazonaws\aws-java-sdk-health\1.11.909\aws-java-sdk-health-1.11.909.jar;C:\Users\jmber\.m2\repository\com\amazonaws\aws-java-sdk-costandusagereport\1.11.909\aws-java-sdk-costandusagereport-1.11.909.jar;C:\Users\jmber\.m2\repository\com\amazonaws\aws-java-sdk-codebuild\1.11.909\aws-java-sdk-codebuild-1.11.909.jar;C:\Users\jmber\.m2\repository\com\amazonaws\aws-java-sdk-appstream\1.11.909\aws-java-sdk-appstream-1.11.909.jar;C:\Users\jmber\.m2\repository\com\amazonaws\aws-java-sdk-shield\1.11.909\aws-java-sdk-shield-1.11.909.jar;C:\Users\jmber\.m2\repository\com\amazonaws\aws-java-sdk-batch\1.11.909\aws-java-sdk-batch-1.11.909.jar;C:\Users\jmber\.m2\repository\com\amazonaws\aws-java-sdk-lex\1.11.909\aws-java-sdk-lex-1.11.909.jar;C:\Users\jmber\.m2\repository\com\amazonaws\aws-java-sdk-mechanicalturkrequester\1.11.909\aws-java-sdk-mechanicalturkrequester-1.11.909.jar;C:\Users\jmber\.m2\repository\com\amazonaws\aws-java-sdk-organizations\1.11.909\aws-java-sdk-organizations-1.11.909.jar;C:\Users\jmber\.m2\repository\com\amazonaws\aws-java-sdk-workdocs\1.11.909\aws-java-sdk-workdocs-1.11.909.jar;C:\Users\jmber\.m2\repository\com\amazonaws\aws-java-sdk-core\1.11.909\aws-java-sdk-core-1.11.909.jar;C:\Users\jmber\.m2\repository\software\amazon\ion\ion-java\1.0.2\ion-java-1.0.2.jar;C:\Users\jmber\.m2\repository\com\fasterxml\jackson\core\jackson-databind\2.6.7.4\jackson-databind-2.6.7.4.jar;C:\Users\jmber\.m2\repository\com\fasterxml\jackson\core\jackson-annotations\2.6.0\jackson-annotations-2.6.0.jar;C:\Users\jmber\.m2\repository\com\fasterxml\jackson\core\jackson-core\2.6.7\jackson-core-2.6.7.jar;C:\Users\jmber\.m2\repository\com\fasterxml\jackson\dataformat\jackson-dataformat-cbor\2.6.7\jackson-dataformat-cbor-2.6.7.jar;C:\Users\jmber\.m2\repository\joda-time\joda-time\2.8.1\joda-time-2.8.1.jar;C:\Users\jmber\.m2\repository\com\amazonaws\aws-java-sdk-models\1.11.909\aws-java-sdk-models-1.11.909.jar;C:\Users\jmber\.m2\repository\com\amazonaws\aws-java-sdk-swf-libraries\1.11.22\aws-java-sdk-swf-libraries-1.11.22.jar;C:\Users\jmber\.m2\repository\uk\co\caprica\vlcj\3.10.1\vlcj-3.10.1.jar;C:\Users\jmber\.m2\repository\net\java\dev\jna\jna-platform\4.1.0\jna-platform-4.1.0.jar;C:\Users\jmber\.m2\repository\net\java\dev\jna\jna\4.2.0\jna-4.2.0.jar;C:\Users\jmber\.m2\repository\org\slf4j\slf4j-api\1.7.25\slf4j-api-1.7.25.jar;C:\Users\jmber\.m2\repository\org\slf4j\slf4j-log4j12\1.7.25\slf4j-log4j12-1.7.25.jar;C:\Users\jmber\.m2\repository\log4j\log4j\1.2.17\log4j-1.2.17.jar;C:\Users\jmber\.m2\repository\org\apache\logging\log4j\log4j-api\2.9.1\log4j-api-2.9.1.jar;C:\Users\jmber\.m2\repository\org\apache\logging\log4j\log4j-core\2.9.1\log4j-core-2.9.1.jar;C:\Users\jmber\.m2\repository\com\pojosontheweb\monte-repack\1.0.1\monte-repack-1.0.1.jar;C:\Users\jmber\.m2\repository\javax\media\jai\com.springsource.javax.media.jai.core\1.1.3\com.springsource.javax.media.jai.core-1.1.3.jar;C:\Users\jmber\.m2\repository\javax\media\jai\com.springsource.javax.media.jai.codec\1.1.3\com.springsource.javax.media.jai.codec-1.1.3.jar;C:\Users\jmber\.m2\repository\javax\media\jmf\2.1.1e\jmf-2.1.1e.jar;C:\Users\jmber\.m2\repository\org\seleniumhq\selenium\selenium-server\3.12.0\selenium-server-3.12.0.jar;C:\Users\jmber\.m2\repository\org\seleniumhq\selenium\selenium-java\3.12.0\selenium-java-3.12.0.jar;C:\Users\jmber\.m2\repository\org\seleniumhq\selenium\selenium-api\3.12.0\selenium-api-3.12.0.jar;C:\Users\jmber\.m2\repository\org\seleniumhq\selenium\selenium-chrome-driver\3.12.0\selenium-chrome-driver-3.12.0.jar;C:\Users\jmber\.m2\repository\org\seleniumhq\selenium\selenium-edge-driver\3.12.0\selenium-edge-driver-3.12.0.jar;C:\Users\jmber\.m2\repository\org\seleniumhq\selenium\selenium-firefox-driver\3.12.0\selenium-firefox-driver-3.12.0.jar;C:\Users\jmber\.m2\repository\org\seleniumhq\selenium\selenium-ie-driver\3.12.0\selenium-ie-driver-3.12.0.jar;C:\Users\jmber\.m2\repository\org\seleniumhq\selenium\selenium-opera-driver\3.12.0\selenium-opera-driver-3.12.0.jar;C:\Users\jmber\.m2\repository\org\seleniumhq\selenium\selenium-remote-driver\3.12.0\selenium-remote-driver-3.12.0.jar;C:\Users\jmber\.m2\repository\org\seleniumhq\selenium\selenium-safari-driver\3.12.0\selenium-safari-driver-3.12.0.jar;C:\Users\jmber\.m2\repository\org\seleniumhq\selenium\selenium-support\3.12.0\selenium-support-3.12.0.jar;C:\Users\jmber\.m2\repository\com\beust\jcommander\1.72\jcommander-1.72.jar;C:\Users\jmber\.m2\repository\net\bytebuddy\byte-buddy\1.8.3\byte-buddy-1.8.3.jar;C:\Users\jmber\.m2\repository\org\apache\commons\commons-exec\1.3\commons-exec-1.3.jar;C:\Users\jmber\.m2\repository\org\apache\commons\commons-lang3\3.7\commons-lang3-3.7.jar;C:\Users\jmber\.m2\repository\org\apache\commons\commons-text\1.1\commons-text-1.1.jar;C:\Users\jmber\.m2\repository\commons-codec\commons-codec\1.10\commons-codec-1.10.jar;C:\Users\jmber\.m2\repository\commons-io\commons-io\2.6\commons-io-2.6.jar;C:\Users\jmber\.m2\repository\commons-logging\commons-logging\1.2\commons-logging-1.2.jar;C:\Users\jmber\.m2\repository\commons-net\commons-net\3.6\commons-net-3.6.jar;C:\Users\jmber\.m2\repository\org\w3c\css\sac\1.3\sac-1.3.jar;C:\Users\jmber\.m2\repository\net\sourceforge\cssparser\cssparser\0.9.24\cssparser-0.9.24.jar;C:\Users\jmber\.m2\repository\com\google\code\gson\gson\2.8.2\gson-2.8.2.jar;C:\Users\jmber\.m2\repository\com\google\guava\guava\23.6-jre\guava-23.6-jre.jar;C:\Users\jmber\.m2\repository\com\google\code\findbugs\jsr305\1.3.9\jsr305-1.3.9.jar;C:\Users\jmber\.m2\repository\org\checkerframework\checker-compat-qual\2.0.0\checker-compat-qual-2.0.0.jar;C:\Users\jmber\.m2\repository\com\google\errorprone\error_prone_annotations\2.1.3\error_prone_annotations-2.1.3.jar;C:\Users\jmber\.m2\repository\com\google\j2objc\j2objc-annotations\1.1\j2objc-annotations-1.1.jar;C:\Users\jmber\.m2\repository\org\codehaus\mojo\animal-sniffer-annotations\1.14\animal-sniffer-annotations-1.14.jar;C:\Users\jmber\.m2\repository\net\sourceforge\htmlunit\htmlunit\2.29\htmlunit-2.29.jar;C:\Users\jmber\.m2\repository\net\sourceforge\htmlunit\htmlunit-core-js\2.28\htmlunit-core-js-2.28.jar;C:\Users\jmber\.m2\repository\net\sourceforge\htmlunit\neko-htmlunit\2.28\neko-htmlunit-2.28.jar;C:\Users\jmber\.m2\repository\org\apache\httpcomponents\httpclient\4.5.3\httpclient-4.5.3.jar;C:\Users\jmber\.m2\repository\org\apache\httpcomponents\httpcore\4.4.6\httpcore-4.4.6.jar;C:\Users\jmber\.m2\repository\org\apache\httpcomponents\httpmime\4.5.3\httpmime-4.5.3.jar;C:\Users\jmber\.m2\repository\net\jcip\jcip-annotations\1.0\jcip-annotations-1.0.jar;C:\Users\jmber\.m2\repository\org\seleniumhq\selenium\jetty-repacked\9.4.7.v20171121\jetty-repacked-9.4.7.v20171121.jar;C:\Users\jmber\.m2\repository\org\eclipse\jetty\jetty-client\9.4.7.v20170914\jetty-client-9.4.7.v20170914.jar;C:\Users\jmber\.m2\repository\org\eclipse\jetty\jetty-http\9.4.8.v20171121\jetty-http-9.4.8.v20171121.jar;C:\Users\jmber\.m2\repository\org\eclipse\jetty\jetty-io\9.4.8.v20171121\jetty-io-9.4.8.v20171121.jar;C:\Users\jmber\.m2\repository\org\eclipse\jetty\jetty-util\9.4.8.v20171121\jetty-util-9.4.8.v20171121.jar;C:\Users\jmber\.m2\repository\org\eclipse\jetty\jetty-xml\9.4.7.v20170914\jetty-xml-9.4.7.v20170914.jar;C:\Users\jmber\.m2\repository\com\squareup\okhttp3\okhttp\3.9.1\okhttp-3.9.1.jar;C:\Users\jmber\.m2\repository\com\squareup\okio\okio\1.13.0\okio-1.13.0.jar;C:\Users\jmber\.m2\repository\org\seleniumhq\selenium\htmlunit-driver\2.29.0\htmlunit-driver-2.29.0.jar;C:\Users\jmber\.m2\repository\javax\servlet\javax.servlet-api\3.1.0\javax.servlet-api-3.1.0.jar;C:\Users\jmber\.m2\repository\org\eclipse\jetty\websocket\websocket-api\9.4.7.v20170914\websocket-api-9.4.7.v20170914.jar;C:\Users\jmber\.m2\repository\org\eclipse\jetty\websocket\websocket-client\9.4.7.v20170914\websocket-client-9.4.7.v20170914.jar;C:\Users\jmber\.m2\repository\org\eclipse\jetty\websocket\websocket-common\9.4.7.v20170914\websocket-common-9.4.7.v20170914.jar;C:\Users\jmber\.m2\repository\xalan\serializer\2.7.2\serializer-2.7.2.jar;C:\Users\jmber\.m2\repository\xalan\xalan\2.7.2\xalan-2.7.2.jar;C:\Users\jmber\.m2\repository\xerces\xercesImpl\2.11.0\xercesImpl-2.11.0.jar;C:\Users\jmber\.m2\repository\xml-apis\xml-apis\1.4.01\xml-apis-1.4.01.jar;C:\Users\jmber\.m2\repository\org\yaml\snakeyaml\1.19\snakeyaml-1.19.jar;C:\Users\jmber\.m2\repository\junit\junit\4.11\junit-4.11.jar;C:\Users\jmber\.m2\repository\org\hamcrest\hamcrest-core\1.3\hamcrest-core-1.3.jar;"/>
    <property name="sun.cpu.endian" value="little"/>
    <property name="user.home" value="C:\Users\jmber"/>
    <property name="user.language" value="en"/>
    <property name="java.specification.vendor" value="Oracle Corporation"/>
    <property name="java.version.date" value="2020-10-20"/>
    <property name="java.home" value="C:\Program Files\Java\jdk-15.0.1"/>
    <property name="file.separator" value="\"/>
    <property name="basedir" value="d:\code\CustomGrid\ExtendedGrid"/>
    <property name="java.vm.compressedOopsMode" value="Zero based"/>
    <property name="line.separator" value="&#10;"/>
    <property name="java.vm.specification.vendor" value="Oracle Corporation"/>
    <property name="java.specification.name" value="Java Platform API Specification"/>
    <property name="surefire.real.class.path" value="C:\Users\jmber\AppData\Local\Temp\surefire16984854441958506007\surefirebooter13493132066004973076.jar"/>
    <property name="user.script" value=""/>
    <property name="sun.management.compiler" value="HotSpot 64-Bit Tiered Compilers"/>
    <property name="java.runtime.version" value="15.0.1+9-18"/>
    <property name="user.name" value="jmber"/>
    <property name="path.separator" value=";"/>
    <property name="os.version" value="10.0"/>
    <property name="java.runtime.name" value="Java(TM) SE Runtime Environment"/>
    <property name="file.encoding" value="Cp1252"/>
    <property name="java.vm.name" value="Java HotSpot(TM) 64-Bit Server VM"/>
    <property name="localRepository" value="C:\Users\jmber\.m2\repository"/>
    <property name="java.vendor.url.bug" value="https://bugreport.java.com/bugreport/"/>
    <property name="java.io.tmpdir" value="C:\Users\jmber\AppData\Local\Temp\"/>
    <property name="java.version" value="15.0.1"/>
    <property name="user.dir" value="d:\code\CustomGrid\ExtendedGrid"/>
    <property name="os.arch" value="amd64"/>
    <property name="java.vm.specification.name" value="Java Virtual Machine Specification"/>
    <property name="sun.os.patch.level" value=""/>
    <property name="java.library.path" value="C:\Program Files\Java\jdk-15.0.1\bin;C:\WINDOWS\Sun\Java\bin;C:\WINDOWS\system32;C:\WINDOWS;C:\Program Files\Common Files\Oracle\Java\javapath;C:\Program Files (x86)\Intel\Intel(R) Management Engine Components\iCLS\;C:\Program Files\Intel\Intel(R) Management Engine Components\iCLS\;C:\Windows\system32;C:\Windows;C:\Windows\System32\Wbem;C:\Windows\System32\WindowsPowerShell\v1.0\;C:\Windows\System32\OpenSSH\;C:\Program Files (x86)\Intel\Intel(R) Management Engine Components\DAL;C:\Program Files\Intel\Intel(R) Management Engine Components\DAL;C:\Program Files (x86)\Intel\Intel(R) Management Engine Components\IPT;C:\Program Files\Intel\Intel(R) Management Engine Components\IPT;C:\Program Files (x86)\NVIDIA Corporation\PhysX\Common;C:\Program Files\Intel\WiFi\bin\;C:\Program Files\Common Files\Intel\WirelessCommon\;C:\Program Files\dotnet\;C:\Program Files\Microsoft SQL Server\130\Tools\Binn\;C:\Program Files\Git\cmd;C:\Program Files\NVIDIA Corporation\NVIDIA NvDLISR;C:\WINDOWS\system32;C:\WINDOWS;C:\WINDOWS\System32\Wbem;C:\WINDOWS\System32\WindowsPowerShell\v1.0\;C:\WINDOWS\System32\OpenSSH\;C:\Users\jmber\AppData\Local\Microsoft\WindowsApps;C:\Users\jmber\.dotnet\tools;C:\Users\jmber\AppData\Local\Programs\Microsoft VS Code\bin;."/>
    <property name="java.vm.info" value="mixed mode, sharing"/>
    <property name="java.vendor" value="Oracle Corporation"/>
    <property name="java.vm.version" value="15.0.1+9-18"/>
    <property name="sun.io.unicode.encoding" value="UnicodeLittle"/>
    <property name="java.class.version" value="59.0"/>
  </properties>
  <testcase name="shouldAnswerWithTrue" classname="com.romeoautomation.AppTest" time="0.002"/>
</testsuite>